#
# A fatal error has been detected by the Java Runtime Environment:
#
#  EXCEPTION_ACCESS_VIOLATION (0xc0000005) at pc=0x00007ffc338cc591, pid=8612, tid=7160
#
# JRE version: OpenJDK Runtime Environment Corretto-17.0.12.7.1 (17.0.12+7) (build 17.0.12+7-LTS)
# Java VM: OpenJDK 64-Bit Server VM Corretto-17.0.12.7.1 (17.0.12+7-LTS, mixed mode, sharing, tiered, compressed oops, compressed class ptrs, g1 gc, windows-amd64)
# Problematic frame:
# C  [awt.dll+0xdc591]
#
# No core dump will be written. Minidumps are not enabled by default on client versions of Windows
#
# If you would like to submit a bug report, please visit:
#   https://github.com/corretto/corretto-17/issues/
# The crash happened outside the Java Virtual Machine in native code.
# See problematic frame for where to report the bug.
#

---------------  S U M M A R Y ------------

Command Line: -javaagent:C:\Program Files\JetBrains\IntelliJ IDEA 2024.2.2\lib\idea_rt.jar=50957:C:\Program Files\JetBrains\IntelliJ IDEA 2024.2.2\bin -Dfile.encoding=UTF-8 org.example.Main

Host: 13th Gen Intel(R) Core(TM) i5-13400, 16 cores, 63G,  Windows 11 , 64 bit Build 22621 (10.0.22621.3958)
Time: Tue Nov 26 12:06:22 2024  Windows 11 , 64 bit Build 22621 (10.0.22621.3958) elapsed time: 21.175846 seconds (0d 0h 0m 21s)

---------------  T H R E A D  ---------------

Current thread (0x00000231425f4280):  JavaThread "AWT-Windows" daemon [_thread_in_native, id=7160, stack(0x000000ea0da00000,0x000000ea0db00000)]

Stack: [0x000000ea0da00000,0x000000ea0db00000],  sp=0x000000ea0dafeab0,  free space=1018k
Native frames: (J=compiled Java code, j=interpreted, Vv=VM code, C=native code)
C  [awt.dll+0xdc591]

Java frames: (J=compiled Java code, j=interpreted, Vv=VM code)
j  sun.awt.windows.WToolkit.eventLoop()V+0 java.desktop@17.0.12
j  sun.awt.windows.WToolkit.run()V+50 java.desktop@17.0.12
j  java.lang.Thread.run()V+11 java.base@17.0.12
v  ~StubRoutines::call_stub

siginfo: EXCEPTION_ACCESS_VIOLATION (0xc0000005), reading address 0x0000000000000008


Registers:
RAX=0x0000000000000000, RBX=0x00000231424f6e60, RCX=0x0000000000000000, RDX=0x0000000000000000
RSP=0x000000ea0dafeab0, RBP=0x000000ea0dafebb9, RSI=0x000000000e01069b, RDI=0x0000000000000000
R8 =0x0000000000000001, R9 =0x0000000000000000, R10=0x0000000000000000, R11=0x0000000000000246
R12=0x0000000000000000, R13=0x0000000000000310, R14=0x0000000000000000, R15=0x0000000000000000
RIP=0x00007ffc338cc591, EFLAGS=0x0000000000010246


Register to memory mapping:

RIP=0x00007ffc338cc591 awt.dll
RAX=0x0 is NULL
RBX=0x00000231424f6e60 points into unknown readable memory: 0x00000231428f9520 | 20 95 8f 42 31 02 00 00
RCX=0x0 is NULL
RDX=0x0 is NULL
RSP=0x000000ea0dafeab0 is pointing into the stack for thread: 0x00000231425f4280
RBP=0x000000ea0dafebb9 is pointing into the stack for thread: 0x00000231425f4280
RSI=0x000000000e01069b is an unknown value
RDI=0x0 is NULL
R8 =0x0000000000000001 is an unknown value
R9 =0x0 is NULL
R10=0x0 is NULL
R11=0x0000000000000246 is an unknown value
R12=0x0 is NULL
R13=0x0000000000000310 is an unknown value
R14=0x0 is NULL
R15=0x0 is NULL


Top of Stack: (sp=0x000000ea0dafeab0)
0x000000ea0dafeab0:   00007ffc3392c838 000000000e01069b
0x000000ea0dafeac0:   00008e60d23e8092 00007ffc33888780
0x000000ea0dafead0:   0000000000000000 00007ffc338881fc
0x000000ea0dafeae0:   000000000e01069b 0000023142950490
0x000000ea0dafeaf0:   00000231424f6e60 0000023142950490
0x000000ea0dafeb00:   0000023142950490 00007ffc338882a6
0x000000ea0dafeb10:   00007ffc337f0000 0000000000000000
0x000000ea0dafeb20:   000000000000c1ff 000000ea0dafebb9
0x000000ea0dafeb30:   0000023142950490 00007ffc33885606
0x000000ea0dafeb40:   0000023142950490 0000000000000000
0x000000ea0dafeb50:   0000000000000001 00007ffc41816b17
0x000000ea0dafeb60:   000000ea0dafec20 0000000000000064
0x000000ea0dafeb70:   00007ffc33888780 0000000000000000
0x000000ea0dafeb80:   0000000000000000 00007ffc41818ae3
0x000000ea0dafeb90:   0000000000000000 000000ea0dafec20
0x000000ea0dafeba0:   000000ea0dafec24 00000231425f4538
0x000000ea0dafebb0:   0000023142950530 000000000000c1ff
0x000000ea0dafebc0:   000000000000c1ff 00008e60d23e8262
0x000000ea0dafebd0:   00000231420b8120 0000000000000000
0x000000ea0dafebe0:   0000000000000000 0000000000000000
0x000000ea0dafebf0:   0000000000000000 0000000000000000
0x000000ea0dafec00:   0000000000000000 0000023142950490
0x000000ea0dafec10:   0000000000000310 00007ffc338d16cb
0x000000ea0dafec20:   0000000200000002 0000000000000000
0x000000ea0dafec30:   000007b6ffb41f4e 00006b06588609f8
0x000000ea0dafec40:   0000000000000000 000000000000c1ff
0x000000ea0dafec50:   0000000000000000 0000000000000000
0x000000ea0dafec60:   000000ea0dafee38 00007ffc40c78586
0x000000ea0dafec70:   0000000000000001 00007ffc41818ae3
0x000000ea0dafec80:   ffffffffffffffeb 00007ffc40c7aba9
0x000000ea0dafec90:   00000231426fb82c 00008e60d23e8502
0x000000ea0dafeca0:   0000000000160464 0000000000000000 

Instructions: (pc=0x00007ffc338cc591)
0x00007ffc338cc491:   83 ec 28 66 0f 6e c2 0f 5b c0 f3 0f 59 41 48 0f
0x00007ffc338cc4a1:   5a c8 f2 0f 10 05 95 47 03 00 f2 0f 5c 0d 35 47
0x00007ffc338cc4b1:   01 00 66 0f 2f c1 76 0a b8 00 00 00 80 48 83 c4
0x00007ffc338cc4c1:   28 c3 66 0f 2f 0d 75 90 02 00 76 0a b8 ff ff ff
0x00007ffc338cc4d1:   7f 48 83 c4 28 c3 0f 28 c1 e8 77 0e 01 00 f2 0f
0x00007ffc338cc4e1:   2c c0 48 83 c4 28 c3 cc cc cc cc cc cc cc cc 48
0x00007ffc338cc4f1:   83 ec 28 66 0f 6e c2 0f 5b c0 f3 0f 59 41 4c 0f
0x00007ffc338cc501:   5a c8 f2 0f 10 05 35 47 03 00 f2 0f 5c 0d d5 46
0x00007ffc338cc511:   01 00 66 0f 2f c1 76 0a b8 00 00 00 80 48 83 c4
0x00007ffc338cc521:   28 c3 66 0f 2f 0d 15 90 02 00 76 0a b8 ff ff ff
0x00007ffc338cc531:   7f 48 83 c4 28 c3 0f 28 c1 e8 17 0e 01 00 f2 0f
0x00007ffc338cc541:   2c c0 48 83 c4 28 c3 cc cc cc cc cc cc cc cc 48
0x00007ffc338cc551:   8b 49 08 48 85 c9 0f 85 b3 7e fe ff 33 c0 c3 48
0x00007ffc338cc561:   89 5c 24 08 48 89 74 24 10 57 48 83 ec 20 8b fa
0x00007ffc338cc571:   48 8b f1 e8 37 c0 f4 ff 48 8b d8 48 89 44 24 40
0x00007ffc338cc581:   41 b8 01 00 00 00 8b d7 48 8b c8 e8 9f bf f4 ff
0x00007ffc338cc591:   48 8b 48 08 48 85 c9 74 0d 48 8b d6 e8 6e 7e fe
0x00007ffc338cc5a1:   ff 48 8b f8 eb 02 33 ff 48 8b cb e8 bf c1 f4 ff
0x00007ffc338cc5b1:   90 48 8b c7 48 8b 5c 24 30 48 8b 74 24 38 48 83
0x00007ffc338cc5c1:   c4 20 5f c3 cc cc cc cc cc cc cc cc cc cc cc 48
0x00007ffc338cc5d1:   8b 01 89 10 c3 cc cc cc cc cc cc cc cc cc cc 40
0x00007ffc338cc5e1:   57 48 83 ec 40 48 83 79 38 00 48 8b f9 0f 84 96
0x00007ffc338cc5f1:   01 00 00 48 8b 0d 5d c8 06 00 ba 02 00 01 00 48
0x00007ffc338cc601:   89 5c 24 58 48 89 74 24 68 e8 91 f5 00 00 4c 8b
0x00007ffc338cc611:   05 82 cd 06 00 48 8b c8 48 8b 57 38 48 8b d8 4c
0x00007ffc338cc621:   8b 08 41 ff 91 f8 02 00 00 48 8b f0 48 85 c0 0f
0x00007ffc338cc631:   84 4a 01 00 00 4c 8b 0b 48 8b d0 4c 8b 05 45 cd
0x00007ffc338cc641:   06 00 48 8b cb 41 ff 91 00 01 00 00 84 c0 0f 84
0x00007ffc338cc651:   2b 01 00 00 48 8b 7f 08 48 8b d6 48 8b 03 48 8b
0x00007ffc338cc661:   cb 4c 8b 05 37 cd 06 00 48 81 c7 00 04 00 00 48
0x00007ffc338cc671:   89 6c 24 60 4c 89 64 24 38 ff 90 f8 02 00 00 4c
0x00007ffc338cc681:   8b 0b 48 8b d6 4c 8b 05 1b cd 06 00 48 8b cb 4c 


Stack slot to memory mapping:
stack at sp + 0 slots: 0x00007ffc3392c838 awt.dll
stack at sp + 1 slots: 0x000000000e01069b is an unknown value
stack at sp + 2 slots: 0x00008e60d23e8092 is an unknown value
stack at sp + 3 slots: 0x00007ffc33888780 awt.dll
stack at sp + 4 slots: 0x0 is NULL
stack at sp + 5 slots: 0x00007ffc338881fc awt.dll
stack at sp + 6 slots: 0x000000000e01069b is an unknown value
stack at sp + 7 slots: 0x0000023142950490 points into unknown readable memory: 0x00007ffc338fc880 | 80 c8 8f 33 fc 7f 00 00


---------------  P R O C E S S  ---------------

Threads class SMR info:
_java_thread_list=0x00000231429f6340, length=18, elements={
0x00000231420a9140, 0x00000231420a9fc0, 0x00000231420c6250, 0x00000231420c6e10,
0x00000231420c97e0, 0x00000231420ca1a0, 0x00000231420cd160, 0x00000231420e1ef0,
0x00000231420e2d00, 0x000002313f162270, 0x0000023142335380, 0x0000023142335a70,
0x00000231425e85f0, 0x00000231425ec230, 0x00000231425f4280, 0x0000023142952370,
0x0000023142abed90, 0x0000023101c747d0
}

Java Threads: ( => current thread )
  0x00000231420a9140 JavaThread "Reference Handler" daemon [_thread_blocked, id=11652, stack(0x000000ea0c700000,0x000000ea0c800000)]
  0x00000231420a9fc0 JavaThread "Finalizer" daemon [_thread_blocked, id=9040, stack(0x000000ea0c800000,0x000000ea0c900000)]
  0x00000231420c6250 JavaThread "Signal Dispatcher" daemon [_thread_blocked, id=3724, stack(0x000000ea0c900000,0x000000ea0ca00000)]
  0x00000231420c6e10 JavaThread "Attach Listener" daemon [_thread_blocked, id=8296, stack(0x000000ea0ca00000,0x000000ea0cb00000)]
  0x00000231420c97e0 JavaThread "Service Thread" daemon [_thread_blocked, id=388, stack(0x000000ea0cb00000,0x000000ea0cc00000)]
  0x00000231420ca1a0 JavaThread "Monitor Deflation Thread" daemon [_thread_blocked, id=11800, stack(0x000000ea0cc00000,0x000000ea0cd00000)]
  0x00000231420cd160 JavaThread "C2 CompilerThread0" daemon [_thread_blocked, id=4292, stack(0x000000ea0cd00000,0x000000ea0ce00000)]
  0x00000231420e1ef0 JavaThread "C1 CompilerThread0" daemon [_thread_blocked, id=2748, stack(0x000000ea0ce00000,0x000000ea0cf00000)]
  0x00000231420e2d00 JavaThread "Sweeper thread" daemon [_thread_blocked, id=4972, stack(0x000000ea0cf00000,0x000000ea0d000000)]
  0x000002313f162270 JavaThread "Common-Cleaner" daemon [_thread_blocked, id=10896, stack(0x000000ea0d000000,0x000000ea0d100000)]
  0x0000023142335380 JavaThread "Monitor Ctrl-Break" daemon [_thread_in_native, id=5984, stack(0x000000ea0d500000,0x000000ea0d600000)]
  0x0000023142335a70 JavaThread "Notification Thread" daemon [_thread_blocked, id=1240, stack(0x000000ea0d600000,0x000000ea0d700000)]
  0x00000231425e85f0 JavaThread "Java2D Disposer" daemon [_thread_blocked, id=2300, stack(0x000000ea0d800000,0x000000ea0d900000)]
  0x00000231425ec230 JavaThread "AWT-Shutdown" [_thread_blocked, id=5252, stack(0x000000ea0d900000,0x000000ea0da00000)]
=>0x00000231425f4280 JavaThread "AWT-Windows" daemon [_thread_in_native, id=7160, stack(0x000000ea0da00000,0x000000ea0db00000)]
  0x0000023142952370 JavaThread "AWT-EventQueue-0" [_thread_blocked, id=5192, stack(0x000000ea0dc00000,0x000000ea0dd00000)]
  0x0000023142abed90 JavaThread "Thread-0" [_thread_in_Java, id=4400, stack(0x000000ea0dd00000,0x000000ea0de00000)]
  0x0000023101c747d0 JavaThread "DestroyJavaVM" [_thread_blocked, id=8076, stack(0x000000ea0c000000,0x000000ea0c100000)]

Other Threads:
  0x000002313f16ec00 VMThread "VM Thread" [stack: 0x000000ea0c600000,0x000000ea0c700000] [id=2712]
  0x0000023101c75650 WatcherThread [stack: 0x000000ea0d700000,0x000000ea0d800000] [id=4088]
  0x0000023101d23450 GCTaskThread "GC Thread#0" [stack: 0x000000ea0c100000,0x000000ea0c200000] [id=11968]
  0x0000023142227b00 GCTaskThread "GC Thread#1" [stack: 0x000000ea0d100000,0x000000ea0d200000] [id=7444]
  0x00000231422281d0 GCTaskThread "GC Thread#2" [stack: 0x000000ea0d200000,0x000000ea0d300000] [id=1540]
  0x0000023142228490 GCTaskThread "GC Thread#3" [stack: 0x000000ea0d300000,0x000000ea0d400000] [id=372]
  0x0000023142228750 GCTaskThread "GC Thread#4" [stack: 0x000000ea0d400000,0x000000ea0d500000] [id=5908]
  0x0000023142228a10 GCTaskThread "GC Thread#5" [stack: 0x000000ea0db00000,0x000000ea0dc00000] [id=8760]
  0x00000231422294e0 GCTaskThread "GC Thread#6" [stack: 0x000000ea0de00000,0x000000ea0df00000] [id=6624]
  0x00000231422297a0 GCTaskThread "GC Thread#7" [stack: 0x000000ea0df00000,0x000000ea0e000000] [id=9392]
  0x0000023142229a60 GCTaskThread "GC Thread#8" [stack: 0x000000ea0e000000,0x000000ea0e100000] [id=9664]
  0x0000023142229d20 GCTaskThread "GC Thread#9" [stack: 0x000000ea0e100000,0x000000ea0e200000] [id=9948]
  0x0000023142229fe0 GCTaskThread "GC Thread#10" [stack: 0x000000ea0e200000,0x000000ea0e300000] [id=1108]
  0x000002314222aab0 GCTaskThread "GC Thread#11" [stack: 0x000000ea0e300000,0x000000ea0e400000] [id=1236]
  0x000002314222ad70 GCTaskThread "GC Thread#12" [stack: 0x000000ea0e400000,0x000000ea0e500000] [id=2944]
  0x0000023101d2c230 ConcurrentGCThread "G1 Main Marker" [stack: 0x000000ea0c200000,0x000000ea0c300000] [id=5168]
  0x0000023101d2cb60 ConcurrentGCThread "G1 Conc#0" [stack: 0x000000ea0c300000,0x000000ea0c400000] [id=7484]
  0x0000023141f82010 ConcurrentGCThread "G1 Refine#0" [stack: 0x000000ea0c400000,0x000000ea0c500000] [id=2780]
  0x0000023141f82a40 ConcurrentGCThread "G1 Service" [stack: 0x000000ea0c500000,0x000000ea0c600000] [id=7312]

Threads with active compile tasks:

VM state: not at safepoint (normal execution)

VM Mutex/Monitor currently owned by a thread: None

Heap address: 0x0000000403000000, size: 16336 MB, Compressed Oops mode: Zero based, Oop shift amount: 3

CDS archive(s) mapped at: [0x0000023180000000-0x0000023180bb0000-0x0000023180bb0000), size 12255232, SharedBaseAddress: 0x0000023180000000, ArchiveRelocationMode: 1.
Compressed class space mapped at: 0x0000023181000000-0x00000231c1000000, reserved size: 1073741824
Narrow klass base: 0x0000023180000000, Narrow klass shift: 0, Narrow klass range: 0x100000000

GC Precious Log:
 CPUs: 16 total, 16 available
 Memory: 65312M
 Large Page Support: Disabled
 NUMA Support: Disabled
 Compressed Oops: Enabled (Zero based)
 Heap Region Size: 8M
 Heap Min Capacity: 8M
 Heap Initial Capacity: 1G
 Heap Max Capacity: 16336M
 Pre-touch: Disabled
 Parallel Workers: 13
 Concurrent Workers: 3
 Concurrent Refinement Workers: 13
 Periodic GC: Disabled

Heap:
 garbage-first heap   total 1048576K, used 36252K [0x0000000403000000, 0x0000000800000000)
  region size 8192K, 6 young (49152K), 1 survivors (8192K)
 Metaspace       used 8208K, committed 8448K, reserved 1114112K
  class space    used 845K, committed 960K, reserved 1048576K

Heap Regions: E=young(eden), S=young(survivor), O=old, HS=humongous(starts), HC=humongous(continues), CS=collection set, F=free, OA=open archive, CA=closed archive, TAMS=top-at-mark-start (previous, next)
|   0|0x0000000403000000, 0x0000000403000000, 0x0000000403800000|  0%| F|  |TAMS 0x0000000403000000, 0x0000000403000000| Untracked 
|   1|0x0000000403800000, 0x0000000403800000, 0x0000000404000000|  0%| F|  |TAMS 0x0000000403800000, 0x0000000403800000| Untracked 
|   2|0x0000000404000000, 0x0000000404000000, 0x0000000404800000|  0%| F|  |TAMS 0x0000000404000000, 0x0000000404000000| Untracked 
|   3|0x0000000404800000, 0x0000000404800000, 0x0000000405000000|  0%| F|  |TAMS 0x0000000404800000, 0x0000000404800000| Untracked 
|   4|0x0000000405000000, 0x0000000405000000, 0x0000000405800000|  0%| F|  |TAMS 0x0000000405000000, 0x0000000405000000| Untracked 
|   5|0x0000000405800000, 0x0000000405800000, 0x0000000406000000|  0%| F|  |TAMS 0x0000000405800000, 0x0000000405800000| Untracked 
|   6|0x0000000406000000, 0x0000000406000000, 0x0000000406800000|  0%| F|  |TAMS 0x0000000406000000, 0x0000000406000000| Untracked 
|   7|0x0000000406800000, 0x0000000406800000, 0x0000000407000000|  0%| F|  |TAMS 0x0000000406800000, 0x0000000406800000| Untracked 
|   8|0x0000000407000000, 0x0000000407000000, 0x0000000407800000|  0%| F|  |TAMS 0x0000000407000000, 0x0000000407000000| Untracked 
|   9|0x0000000407800000, 0x0000000407800000, 0x0000000408000000|  0%| F|  |TAMS 0x0000000407800000, 0x0000000407800000| Untracked 
|  10|0x0000000408000000, 0x0000000408000000, 0x0000000408800000|  0%| F|  |TAMS 0x0000000408000000, 0x0000000408000000| Untracked 
|  11|0x0000000408800000, 0x0000000408800000, 0x0000000409000000|  0%| F|  |TAMS 0x0000000408800000, 0x0000000408800000| Untracked 
|  12|0x0000000409000000, 0x0000000409000000, 0x0000000409800000|  0%| F|  |TAMS 0x0000000409000000, 0x0000000409000000| Untracked 
|  13|0x0000000409800000, 0x0000000409800000, 0x000000040a000000|  0%| F|  |TAMS 0x0000000409800000, 0x0000000409800000| Untracked 
|  14|0x000000040a000000, 0x000000040a000000, 0x000000040a800000|  0%| F|  |TAMS 0x000000040a000000, 0x000000040a000000| Untracked 
|  15|0x000000040a800000, 0x000000040a800000, 0x000000040b000000|  0%| F|  |TAMS 0x000000040a800000, 0x000000040a800000| Untracked 
|  16|0x000000040b000000, 0x000000040b000000, 0x000000040b800000|  0%| F|  |TAMS 0x000000040b000000, 0x000000040b000000| Untracked 
|  17|0x000000040b800000, 0x000000040b800000, 0x000000040c000000|  0%| F|  |TAMS 0x000000040b800000, 0x000000040b800000| Untracked 
|  18|0x000000040c000000, 0x000000040c000000, 0x000000040c800000|  0%| F|  |TAMS 0x000000040c000000, 0x000000040c000000| Untracked 
|  19|0x000000040c800000, 0x000000040c800000, 0x000000040d000000|  0%| F|  |TAMS 0x000000040c800000, 0x000000040c800000| Untracked 
|  20|0x000000040d000000, 0x000000040d000000, 0x000000040d800000|  0%| F|  |TAMS 0x000000040d000000, 0x000000040d000000| Untracked 
|  21|0x000000040d800000, 0x000000040d800000, 0x000000040e000000|  0%| F|  |TAMS 0x000000040d800000, 0x000000040d800000| Untracked 
|  22|0x000000040e000000, 0x000000040e000000, 0x000000040e800000|  0%| F|  |TAMS 0x000000040e000000, 0x000000040e000000| Untracked 
|  23|0x000000040e800000, 0x000000040e800000, 0x000000040f000000|  0%| F|  |TAMS 0x000000040e800000, 0x000000040e800000| Untracked 
|  24|0x000000040f000000, 0x000000040f000000, 0x000000040f800000|  0%| F|  |TAMS 0x000000040f000000, 0x000000040f000000| Untracked 
|  25|0x000000040f800000, 0x000000040f800000, 0x0000000410000000|  0%| F|  |TAMS 0x000000040f800000, 0x000000040f800000| Untracked 
|  26|0x0000000410000000, 0x0000000410000000, 0x0000000410800000|  0%| F|  |TAMS 0x0000000410000000, 0x0000000410000000| Untracked 
|  27|0x0000000410800000, 0x0000000410800000, 0x0000000411000000|  0%| F|  |TAMS 0x0000000410800000, 0x0000000410800000| Untracked 
|  28|0x0000000411000000, 0x0000000411000000, 0x0000000411800000|  0%| F|  |TAMS 0x0000000411000000, 0x0000000411000000| Untracked 
|  29|0x0000000411800000, 0x0000000411800000, 0x0000000412000000|  0%| F|  |TAMS 0x0000000411800000, 0x0000000411800000| Untracked 
|  30|0x0000000412000000, 0x0000000412000000, 0x0000000412800000|  0%| F|  |TAMS 0x0000000412000000, 0x0000000412000000| Untracked 
|  31|0x0000000412800000, 0x0000000412800000, 0x0000000413000000|  0%| F|  |TAMS 0x0000000412800000, 0x0000000412800000| Untracked 
|  32|0x0000000413000000, 0x0000000413000000, 0x0000000413800000|  0%| F|  |TAMS 0x0000000413000000, 0x0000000413000000| Untracked 
|  33|0x0000000413800000, 0x0000000413800000, 0x0000000414000000|  0%| F|  |TAMS 0x0000000413800000, 0x0000000413800000| Untracked 
|  34|0x0000000414000000, 0x0000000414000000, 0x0000000414800000|  0%| F|  |TAMS 0x0000000414000000, 0x0000000414000000| Untracked 
|  35|0x0000000414800000, 0x0000000414800000, 0x0000000415000000|  0%| F|  |TAMS 0x0000000414800000, 0x0000000414800000| Untracked 
|  36|0x0000000415000000, 0x0000000415000000, 0x0000000415800000|  0%| F|  |TAMS 0x0000000415000000, 0x0000000415000000| Untracked 
|  37|0x0000000415800000, 0x0000000415800000, 0x0000000416000000|  0%| F|  |TAMS 0x0000000415800000, 0x0000000415800000| Untracked 
|  38|0x0000000416000000, 0x0000000416000000, 0x0000000416800000|  0%| F|  |TAMS 0x0000000416000000, 0x0000000416000000| Untracked 
|  39|0x0000000416800000, 0x0000000416800000, 0x0000000417000000|  0%| F|  |TAMS 0x0000000416800000, 0x0000000416800000| Untracked 
|  40|0x0000000417000000, 0x0000000417000000, 0x0000000417800000|  0%| F|  |TAMS 0x0000000417000000, 0x0000000417000000| Untracked 
|  41|0x0000000417800000, 0x0000000417800000, 0x0000000418000000|  0%| F|  |TAMS 0x0000000417800000, 0x0000000417800000| Untracked 
|  42|0x0000000418000000, 0x0000000418000000, 0x0000000418800000|  0%| F|  |TAMS 0x0000000418000000, 0x0000000418000000| Untracked 
|  43|0x0000000418800000, 0x0000000418800000, 0x0000000419000000|  0%| F|  |TAMS 0x0000000418800000, 0x0000000418800000| Untracked 
|  44|0x0000000419000000, 0x0000000419000000, 0x0000000419800000|  0%| F|  |TAMS 0x0000000419000000, 0x0000000419000000| Untracked 
|  45|0x0000000419800000, 0x0000000419800000, 0x000000041a000000|  0%| F|  |TAMS 0x0000000419800000, 0x0000000419800000| Untracked 
|  46|0x000000041a000000, 0x000000041a000000, 0x000000041a800000|  0%| F|  |TAMS 0x000000041a000000, 0x000000041a000000| Untracked 
|  47|0x000000041a800000, 0x000000041a800000, 0x000000041b000000|  0%| F|  |TAMS 0x000000041a800000, 0x000000041a800000| Untracked 
|  48|0x000000041b000000, 0x000000041b000000, 0x000000041b800000|  0%| F|  |TAMS 0x000000041b000000, 0x000000041b000000| Untracked 
|  49|0x000000041b800000, 0x000000041b800000, 0x000000041c000000|  0%| F|  |TAMS 0x000000041b800000, 0x000000041b800000| Untracked 
|  50|0x000000041c000000, 0x000000041c000000, 0x000000041c800000|  0%| F|  |TAMS 0x000000041c000000, 0x000000041c000000| Untracked 
|  51|0x000000041c800000, 0x000000041c800000, 0x000000041d000000|  0%| F|  |TAMS 0x000000041c800000, 0x000000041c800000| Untracked 
|  52|0x000000041d000000, 0x000000041d000000, 0x000000041d800000|  0%| F|  |TAMS 0x000000041d000000, 0x000000041d000000| Untracked 
|  53|0x000000041d800000, 0x000000041d800000, 0x000000041e000000|  0%| F|  |TAMS 0x000000041d800000, 0x000000041d800000| Untracked 
|  54|0x000000041e000000, 0x000000041e000000, 0x000000041e800000|  0%| F|  |TAMS 0x000000041e000000, 0x000000041e000000| Untracked 
|  55|0x000000041e800000, 0x000000041e800000, 0x000000041f000000|  0%| F|  |TAMS 0x000000041e800000, 0x000000041e800000| Untracked 
|  56|0x000000041f000000, 0x000000041f000000, 0x000000041f800000|  0%| F|  |TAMS 0x000000041f000000, 0x000000041f000000| Untracked 
|  57|0x000000041f800000, 0x000000041f800000, 0x0000000420000000|  0%| F|  |TAMS 0x000000041f800000, 0x000000041f800000| Untracked 
|  58|0x0000000420000000, 0x0000000420000000, 0x0000000420800000|  0%| F|  |TAMS 0x0000000420000000, 0x0000000420000000| Untracked 
|  59|0x0000000420800000, 0x0000000420800000, 0x0000000421000000|  0%| F|  |TAMS 0x0000000420800000, 0x0000000420800000| Untracked 
|  60|0x0000000421000000, 0x0000000421000000, 0x0000000421800000|  0%| F|  |TAMS 0x0000000421000000, 0x0000000421000000| Untracked 
|  61|0x0000000421800000, 0x0000000421800000, 0x0000000422000000|  0%| F|  |TAMS 0x0000000421800000, 0x0000000421800000| Untracked 
|  62|0x0000000422000000, 0x0000000422000000, 0x0000000422800000|  0%| F|  |TAMS 0x0000000422000000, 0x0000000422000000| Untracked 
|  63|0x0000000422800000, 0x0000000422800000, 0x0000000423000000|  0%| F|  |TAMS 0x0000000422800000, 0x0000000422800000| Untracked 
|  64|0x0000000423000000, 0x0000000423000000, 0x0000000423800000|  0%| F|  |TAMS 0x0000000423000000, 0x0000000423000000| Untracked 
|  65|0x0000000423800000, 0x0000000423800000, 0x0000000424000000|  0%| F|  |TAMS 0x0000000423800000, 0x0000000423800000| Untracked 
|  66|0x0000000424000000, 0x0000000424000000, 0x0000000424800000|  0%| F|  |TAMS 0x0000000424000000, 0x0000000424000000| Untracked 
|  67|0x0000000424800000, 0x0000000424800000, 0x0000000425000000|  0%| F|  |TAMS 0x0000000424800000, 0x0000000424800000| Untracked 
|  68|0x0000000425000000, 0x0000000425000000, 0x0000000425800000|  0%| F|  |TAMS 0x0000000425000000, 0x0000000425000000| Untracked 
|  69|0x0000000425800000, 0x0000000425800000, 0x0000000426000000|  0%| F|  |TAMS 0x0000000425800000, 0x0000000425800000| Untracked 
|  70|0x0000000426000000, 0x0000000426000000, 0x0000000426800000|  0%| F|  |TAMS 0x0000000426000000, 0x0000000426000000| Untracked 
|  71|0x0000000426800000, 0x0000000426800000, 0x0000000427000000|  0%| F|  |TAMS 0x0000000426800000, 0x0000000426800000| Untracked 
|  72|0x0000000427000000, 0x0000000427000000, 0x0000000427800000|  0%| F|  |TAMS 0x0000000427000000, 0x0000000427000000| Untracked 
|  73|0x0000000427800000, 0x0000000427800000, 0x0000000428000000|  0%| F|  |TAMS 0x0000000427800000, 0x0000000427800000| Untracked 
|  74|0x0000000428000000, 0x0000000428000000, 0x0000000428800000|  0%| F|  |TAMS 0x0000000428000000, 0x0000000428000000| Untracked 
|  75|0x0000000428800000, 0x0000000428800000, 0x0000000429000000|  0%| F|  |TAMS 0x0000000428800000, 0x0000000428800000| Untracked 
|  76|0x0000000429000000, 0x0000000429000000, 0x0000000429800000|  0%| F|  |TAMS 0x0000000429000000, 0x0000000429000000| Untracked 
|  77|0x0000000429800000, 0x0000000429800000, 0x000000042a000000|  0%| F|  |TAMS 0x0000000429800000, 0x0000000429800000| Untracked 
|  78|0x000000042a000000, 0x000000042a000000, 0x000000042a800000|  0%| F|  |TAMS 0x000000042a000000, 0x000000042a000000| Untracked 
|  79|0x000000042a800000, 0x000000042a800000, 0x000000042b000000|  0%| F|  |TAMS 0x000000042a800000, 0x000000042a800000| Untracked 
|  80|0x000000042b000000, 0x000000042b000000, 0x000000042b800000|  0%| F|  |TAMS 0x000000042b000000, 0x000000042b000000| Untracked 
|  81|0x000000042b800000, 0x000000042b800000, 0x000000042c000000|  0%| F|  |TAMS 0x000000042b800000, 0x000000042b800000| Untracked 
|  82|0x000000042c000000, 0x000000042c000000, 0x000000042c800000|  0%| F|  |TAMS 0x000000042c000000, 0x000000042c000000| Untracked 
|  83|0x000000042c800000, 0x000000042c800000, 0x000000042d000000|  0%| F|  |TAMS 0x000000042c800000, 0x000000042c800000| Untracked 
|  84|0x000000042d000000, 0x000000042d000000, 0x000000042d800000|  0%| F|  |TAMS 0x000000042d000000, 0x000000042d000000| Untracked 
|  85|0x000000042d800000, 0x000000042d800000, 0x000000042e000000|  0%| F|  |TAMS 0x000000042d800000, 0x000000042d800000| Untracked 
|  86|0x000000042e000000, 0x000000042e000000, 0x000000042e800000|  0%| F|  |TAMS 0x000000042e000000, 0x000000042e000000| Untracked 
|  87|0x000000042e800000, 0x000000042e800000, 0x000000042f000000|  0%| F|  |TAMS 0x000000042e800000, 0x000000042e800000| Untracked 
|  88|0x000000042f000000, 0x000000042f000000, 0x000000042f800000|  0%| F|  |TAMS 0x000000042f000000, 0x000000042f000000| Untracked 
|  89|0x000000042f800000, 0x000000042f800000, 0x0000000430000000|  0%| F|  |TAMS 0x000000042f800000, 0x000000042f800000| Untracked 
|  90|0x0000000430000000, 0x0000000430000000, 0x0000000430800000|  0%| F|  |TAMS 0x0000000430000000, 0x0000000430000000| Untracked 
|  91|0x0000000430800000, 0x0000000430800000, 0x0000000431000000|  0%| F|  |TAMS 0x0000000430800000, 0x0000000430800000| Untracked 
|  92|0x0000000431000000, 0x0000000431000000, 0x0000000431800000|  0%| F|  |TAMS 0x0000000431000000, 0x0000000431000000| Untracked 
|  93|0x0000000431800000, 0x0000000431800000, 0x0000000432000000|  0%| F|  |TAMS 0x0000000431800000, 0x0000000431800000| Untracked 
|  94|0x0000000432000000, 0x0000000432000000, 0x0000000432800000|  0%| F|  |TAMS 0x0000000432000000, 0x0000000432000000| Untracked 
|  95|0x0000000432800000, 0x0000000432800000, 0x0000000433000000|  0%| F|  |TAMS 0x0000000432800000, 0x0000000432800000| Untracked 
|  96|0x0000000433000000, 0x0000000433000000, 0x0000000433800000|  0%| F|  |TAMS 0x0000000433000000, 0x0000000433000000| Untracked 
|  97|0x0000000433800000, 0x0000000433800000, 0x0000000434000000|  0%| F|  |TAMS 0x0000000433800000, 0x0000000433800000| Untracked 
|  98|0x0000000434000000, 0x0000000434000000, 0x0000000434800000|  0%| F|  |TAMS 0x0000000434000000, 0x0000000434000000| Untracked 
|  99|0x0000000434800000, 0x0000000434800000, 0x0000000435000000|  0%| F|  |TAMS 0x0000000434800000, 0x0000000434800000| Untracked 
| 100|0x0000000435000000, 0x0000000435000000, 0x0000000435800000|  0%| F|  |TAMS 0x0000000435000000, 0x0000000435000000| Untracked 
| 101|0x0000000435800000, 0x0000000435800000, 0x0000000436000000|  0%| F|  |TAMS 0x0000000435800000, 0x0000000435800000| Untracked 
| 102|0x0000000436000000, 0x0000000436000000, 0x0000000436800000|  0%| F|  |TAMS 0x0000000436000000, 0x0000000436000000| Untracked 
| 103|0x0000000436800000, 0x0000000436800000, 0x0000000437000000|  0%| F|  |TAMS 0x0000000436800000, 0x0000000436800000| Untracked 
| 104|0x0000000437000000, 0x0000000437000000, 0x0000000437800000|  0%| F|  |TAMS 0x0000000437000000, 0x0000000437000000| Untracked 
| 105|0x0000000437800000, 0x0000000437800000, 0x0000000438000000|  0%| F|  |TAMS 0x0000000437800000, 0x0000000437800000| Untracked 
| 106|0x0000000438000000, 0x0000000438000000, 0x0000000438800000|  0%| F|  |TAMS 0x0000000438000000, 0x0000000438000000| Untracked 
| 107|0x0000000438800000, 0x0000000438800000, 0x0000000439000000|  0%| F|  |TAMS 0x0000000438800000, 0x0000000438800000| Untracked 
| 108|0x0000000439000000, 0x0000000439000000, 0x0000000439800000|  0%| F|  |TAMS 0x0000000439000000, 0x0000000439000000| Untracked 
| 109|0x0000000439800000, 0x0000000439800000, 0x000000043a000000|  0%| F|  |TAMS 0x0000000439800000, 0x0000000439800000| Untracked 
| 110|0x000000043a000000, 0x000000043a000000, 0x000000043a800000|  0%| F|  |TAMS 0x000000043a000000, 0x000000043a000000| Untracked 
| 111|0x000000043a800000, 0x000000043a800000, 0x000000043b000000|  0%| F|  |TAMS 0x000000043a800000, 0x000000043a800000| Untracked 
| 112|0x000000043b000000, 0x000000043b000000, 0x000000043b800000|  0%| F|  |TAMS 0x000000043b000000, 0x000000043b000000| Untracked 
| 113|0x000000043b800000, 0x000000043b800000, 0x000000043c000000|  0%| F|  |TAMS 0x000000043b800000, 0x000000043b800000| Untracked 
| 114|0x000000043c000000, 0x000000043c000000, 0x000000043c800000|  0%| F|  |TAMS 0x000000043c000000, 0x000000043c000000| Untracked 
| 115|0x000000043c800000, 0x000000043c800000, 0x000000043d000000|  0%| F|  |TAMS 0x000000043c800000, 0x000000043c800000| Untracked 
| 116|0x000000043d000000, 0x000000043d000000, 0x000000043d800000|  0%| F|  |TAMS 0x000000043d000000, 0x000000043d000000| Untracked 
| 117|0x000000043d800000, 0x000000043d800000, 0x000000043e000000|  0%| F|  |TAMS 0x000000043d800000, 0x000000043d800000| Untracked 
| 118|0x000000043e000000, 0x000000043e000000, 0x000000043e800000|  0%| F|  |TAMS 0x000000043e000000, 0x000000043e000000| Untracked 
| 119|0x000000043e800000, 0x000000043e800000, 0x000000043f000000|  0%| F|  |TAMS 0x000000043e800000, 0x000000043e800000| Untracked 
| 120|0x000000043f000000, 0x000000043f000000, 0x000000043f800000|  0%| F|  |TAMS 0x000000043f000000, 0x000000043f000000| Untracked 
| 121|0x000000043f800000, 0x000000043fb672a8, 0x0000000440000000| 42%| S|CS|TAMS 0x000000043f800000, 0x000000043f800000| Complete 
| 122|0x0000000440000000, 0x0000000440000000, 0x0000000440800000|  0%| F|  |TAMS 0x0000000440000000, 0x0000000440000000| Untracked 
| 123|0x0000000440800000, 0x00000004409a0820, 0x0000000441000000| 20%| E|  |TAMS 0x0000000440800000, 0x0000000440800000| Complete 
| 124|0x0000000441000000, 0x0000000441800000, 0x0000000441800000|100%| E|CS|TAMS 0x0000000441000000, 0x0000000441000000| Complete 
| 125|0x0000000441800000, 0x0000000442000000, 0x0000000442000000|100%| E|CS|TAMS 0x0000000441800000, 0x0000000441800000| Complete 
| 126|0x0000000442000000, 0x0000000442800000, 0x0000000442800000|100%| E|CS|TAMS 0x0000000442000000, 0x0000000442000000| Complete 
| 127|0x0000000442800000, 0x0000000443000000, 0x0000000443000000|100%| E|CS|TAMS 0x0000000442800000, 0x0000000442800000| Complete 

Card table byte_map: [0x000002311b040000,0x000002311d030000] _byte_map_base: 0x0000023119028000

Marking Bits (Prev, Next): (CMBitMap*) 0x0000023101d23980, (CMBitMap*) 0x0000023101d239c0
 Prev Bits: [0x000002311f020000, 0x000002312ef60000)
 Next Bits: [0x000002312ef60000, 0x000002313eea0000)

Polling page: 0x0000023101430000

Metaspace:

Usage:
  Non-class:      7.19 MB used.
      Class:    845.25 KB used.
       Both:      8.02 MB used.

Virtual space:
  Non-class space:       64.00 MB reserved,       7.31 MB ( 11%) committed,  1 nodes.
      Class space:        1.00 GB reserved,     960.00 KB ( <1%) committed,  1 nodes.
             Both:        1.06 GB reserved,       8.25 MB ( <1%) committed. 

Chunk freelists:
   Non-Class:  8.49 MB
       Class:  15.11 MB
        Both:  23.60 MB

MaxMetaspaceSize: unlimited
CompressedClassSpaceSize: 1.00 GB
Initial GC threshold: 21.00 MB
Current GC threshold: 21.00 MB
CDS: on
MetaspaceReclaimPolicy: balanced
 - commit_granule_bytes: 65536.
 - commit_granule_words: 8192.
 - virtual_space_node_default_size: 8388608.
 - enlarge_chunks_in_place: 1.
 - new_chunks_are_fully_committed: 0.
 - uncommit_free_chunks: 1.
 - use_allocation_guard: 0.
 - handle_deallocations: 1.


Internal statistics:

num_allocs_failed_limit: 0.
num_arena_births: 116.
num_arena_deaths: 0.
num_vsnodes_births: 2.
num_vsnodes_deaths: 0.
num_space_committed: 132.
num_space_uncommitted: 0.
num_chunks_returned_to_freelist: 0.
num_chunks_taken_from_freelist: 172.
num_chunk_merges: 0.
num_chunk_splits: 92.
num_chunks_enlarged: 25.
num_inconsistent_stats: 0.

CodeHeap 'non-profiled nmethods': size=119168Kb used=506Kb max_used=506Kb free=118661Kb
 bounds [0x0000023111340000, 0x00000231115b0000, 0x00000231187a0000]
CodeHeap 'profiled nmethods': size=119104Kb used=2555Kb max_used=2555Kb free=116548Kb
 bounds [0x00000231097a0000, 0x0000023109a20000, 0x0000023110bf0000]
CodeHeap 'non-nmethods': size=7488Kb used=1252Kb max_used=2971Kb free=6235Kb
 bounds [0x0000023110bf0000, 0x0000023110ee0000, 0x0000023111340000]
 total_blobs=2050 nmethods=1476 adapters=487
 compilation: enabled
              stopped_count=0, restarted_count=0
 full_count=0

Compilation events (20 events):
Event: 20.405 Thread 0x00000231420e1ef0 nmethod 1465 0x0000023109a1b390 code [0x0000023109a1b5e0, 0x0000023109a1c178]
Event: 20.819 Thread 0x00000231420e1ef0 1467       3       javax.swing.SwingUtilities::appContextGet (8 bytes)
Event: 20.819 Thread 0x00000231420e1ef0 nmethod 1467 0x0000023109a1c610 code [0x0000023109a1c7c0, 0x0000023109a1c918]
Event: 21.166 Thread 0x00000231420e1ef0 1468       3       java.lang.ref.ReferenceQueue::reallyPoll (65 bytes)
Event: 21.167 Thread 0x00000231420e1ef0 nmethod 1468 0x0000023109a1ca10 code [0x0000023109a1cbe0, 0x0000023109a1d138]
Event: 21.168 Thread 0x00000231420cd160 1469       4       java.util.Arrays::copyOfRange (64 bytes)
Event: 21.169 Thread 0x00000231420cd160 nmethod 1469 0x00000231113bcd10 code [0x00000231113bcea0, 0x00000231113bd198]
Event: 21.169 Thread 0x00000231420cd160 1470       4       java.lang.StringLatin1::newString (24 bytes)
Event: 21.171 Thread 0x00000231420e1ef0 1471       3       java.util.HashMap::put (13 bytes)
Event: 21.171 Thread 0x00000231420e1ef0 nmethod 1471 0x0000023109a1d210 code [0x0000023109a1d3c0, 0x0000023109a1d6b8]
Event: 21.171 Thread 0x00000231420cd160 nmethod 1470 0x00000231113bd290 code [0x00000231113bd420, 0x00000231113bd898]
Event: 21.171 Thread 0x00000231420cd160 1472       4       java.util.HashMap::hash (20 bytes)
Event: 21.172 Thread 0x00000231420cd160 nmethod 1472 0x00000231113bda10 code [0x00000231113bdb80, 0x00000231113bdc58]
Event: 21.172 Thread 0x00000231420e1ef0 1473       3       java.lang.Module::isNamed (13 bytes)
Event: 21.172 Thread 0x00000231420e1ef0 nmethod 1473 0x0000023109a1d810 code [0x0000023109a1d9a0, 0x0000023109a1db18]
Event: 21.172 Thread 0x00000231420e1ef0 1474       3       sun.invoke.util.Wrapper::isSubwordOrInt (20 bytes)
Event: 21.173 Thread 0x00000231420e1ef0 nmethod 1474 0x0000023109a1db90 code [0x0000023109a1dd40, 0x0000023109a1e158]
Event: 21.173 Thread 0x00000231420e1ef0 1475       3       sun.invoke.util.Wrapper::isIntegral (23 bytes)
Event: 21.173 Thread 0x00000231420e1ef0 nmethod 1475 0x0000023109a1e290 code [0x0000023109a1e440, 0x0000023109a1e698]
Event: 21.173 Thread 0x00000231420e1ef0 1477       3       java.io.OutputStreamWriter::flushBuffer (8 bytes)

GC Heap History (2 events):
Event: 10.706 GC heap before
{Heap before GC invocations=0 (full 0):
 garbage-first heap   total 1048576K, used 49152K [0x0000000403000000, 0x0000000800000000)
  region size 8192K, 6 young (49152K), 0 survivors (0K)
 Metaspace       used 8114K, committed 8384K, reserved 1114112K
  class space    used 839K, committed 960K, reserved 1048576K
}
Event: 10.708 GC heap after
{Heap after GC invocations=1 (full 0):
 garbage-first heap   total 1048576K, used 3484K [0x0000000403000000, 0x0000000800000000)
  region size 8192K, 1 young (8192K), 1 survivors (8192K)
 Metaspace       used 8114K, committed 8384K, reserved 1114112K
  class space    used 839K, committed 960K, reserved 1048576K
}

Dll operation events (13 events):
Event: 0.004 Loaded shared library C:\Users\uczen\.jdks\corretto-17.0.12\bin\java.dll
Event: 0.017 Loaded shared library C:\Users\uczen\.jdks\corretto-17.0.12\bin\jsvml.dll
Event: 0.040 Loaded shared library C:\Users\uczen\.jdks\corretto-17.0.12\bin\zip.dll
Event: 0.041 Loaded shared library C:\Users\uczen\.jdks\corretto-17.0.12\bin\instrument.dll
Event: 0.044 Loaded shared library C:\Users\uczen\.jdks\corretto-17.0.12\bin\net.dll
Event: 0.044 Loaded shared library C:\Users\uczen\.jdks\corretto-17.0.12\bin\nio.dll
Event: 0.046 Loaded shared library C:\Users\uczen\.jdks\corretto-17.0.12\bin\zip.dll
Event: 0.048 Loaded shared library C:\Program Files\JetBrains\IntelliJ IDEA 2024.2.2\bin\breakgen64.dll
Event: 0.053 Loaded shared library C:\Users\uczen\.jdks\corretto-17.0.12\bin\jimage.dll
Event: 0.053 Loaded shared library C:\Users\uczen\.jdks\corretto-17.0.12\bin\extnet.dll
Event: 0.060 Loaded shared library C:\Users\uczen\.jdks\corretto-17.0.12\bin\awt.dll
Event: 0.201 Loaded shared library C:\Users\uczen\.jdks\corretto-17.0.12\bin\freetype.dll
Event: 0.201 Loaded shared library C:\Users\uczen\.jdks\corretto-17.0.12\bin\fontmanager.dll

Deoptimization events (20 events):
Event: 10.493 Thread 0x0000023142952370 Uncommon trap: trap_request=0xffffffde fr.pc=0x00000231113a84d0 relative=0x0000000000000410
Event: 10.493 Thread 0x0000023142952370 Uncommon trap: reason=class_check action=maybe_recompile pc=0x00000231113a84d0 method=java.util.HashMap.getNode(Ljava/lang/Object;)Ljava/util/HashMap$Node; @ 128 c2
Event: 10.493 Thread 0x0000023142952370 DEOPT PACKING pc=0x00000231113a84d0 sp=0x000000ea0dcfe080
Event: 10.493 Thread 0x0000023142952370 DEOPT UNPACKING pc=0x0000023110c469a3 sp=0x000000ea0dcfdf98 mode 2
Event: 10.603 Thread 0x0000023142952370 Uncommon trap: trap_request=0xffffffde fr.pc=0x00000231113a8490 relative=0x00000000000003d0
Event: 10.603 Thread 0x0000023142952370 Uncommon trap: reason=class_check action=maybe_recompile pc=0x00000231113a8490 method=java.util.HashMap.getNode(Ljava/lang/Object;)Ljava/util/HashMap$Node; @ 63 c2
Event: 10.603 Thread 0x0000023142952370 DEOPT PACKING pc=0x00000231113a8490 sp=0x000000ea0dcfe350
Event: 10.603 Thread 0x0000023142952370 DEOPT UNPACKING pc=0x0000023110c469a3 sp=0x000000ea0dcfe268 mode 2
Event: 10.603 Thread 0x0000023142952370 Uncommon trap: trap_request=0xffffffde fr.pc=0x00000231113a84d0 relative=0x0000000000000410
Event: 10.603 Thread 0x0000023142952370 Uncommon trap: reason=class_check action=maybe_recompile pc=0x00000231113a84d0 method=java.util.HashMap.getNode(Ljava/lang/Object;)Ljava/util/HashMap$Node; @ 128 c2
Event: 10.603 Thread 0x0000023142952370 DEOPT PACKING pc=0x00000231113a84d0 sp=0x000000ea0dcfe350
Event: 10.603 Thread 0x0000023142952370 DEOPT UNPACKING pc=0x0000023110c469a3 sp=0x000000ea0dcfe268 mode 2
Event: 10.603 Thread 0x0000023142952370 Uncommon trap: trap_request=0xffffffde fr.pc=0x00000231113a4308 relative=0x00000000000003c8
Event: 10.603 Thread 0x0000023142952370 Uncommon trap: reason=class_check action=maybe_recompile pc=0x00000231113a4308 method=java.util.HashMap.getNode(Ljava/lang/Object;)Ljava/util/HashMap$Node; @ 63 c2
Event: 10.603 Thread 0x0000023142952370 DEOPT PACKING pc=0x00000231113a4308 sp=0x000000ea0dcfe110
Event: 10.603 Thread 0x0000023142952370 DEOPT UNPACKING pc=0x0000023110c469a3 sp=0x000000ea0dcfe098 mode 2
Event: 21.171 Thread 0x0000023142952370 Uncommon trap: trap_request=0xffffff45 fr.pc=0x00000231113770b8 relative=0x00000000000009b8
Event: 21.171 Thread 0x0000023142952370 Uncommon trap: reason=unstable_if action=reinterpret pc=0x00000231113770b8 method=java.util.HashMap.putVal(ILjava/lang/Object;Ljava/lang/Object;ZZ)Ljava/lang/Object; @ 81 c2
Event: 21.171 Thread 0x0000023142952370 DEOPT PACKING pc=0x00000231113770b8 sp=0x000000ea0dcfe930
Event: 21.171 Thread 0x0000023142952370 DEOPT UNPACKING pc=0x0000023110c469a3 sp=0x000000ea0dcfe868 mode 2

Classes loaded (20 events):
Event: 10.493 Loading class javax/swing/JWindow done
Event: 10.493 Loading class javax/swing/Popup$HeavyWeightWindow done
Event: 21.167 Loading class java/util/WeakHashMap$KeyIterator
Event: 21.167 Loading class java/util/WeakHashMap$HashIterator
Event: 21.167 Loading class java/util/WeakHashMap$HashIterator done
Event: 21.167 Loading class java/util/WeakHashMap$KeyIterator done
Event: 21.167 Loading class javax/swing/RepaintManager$DisplayChangedRunnable
Event: 21.167 Loading class javax/swing/RepaintManager$DisplayChangedRunnable done
Event: 21.167 Loading class java/awt/AWTError
Event: 21.167 Loading class java/awt/AWTError done
Event: 21.167 Loading class java/lang/InterruptedException
Event: 21.167 Loading class java/lang/InterruptedException done
Event: 21.167 Loading class java/lang/Throwable$WrappedPrintStream
Event: 21.167 Loading class java/lang/Throwable$PrintStreamOrWriter
Event: 21.167 Loading class java/lang/Throwable$PrintStreamOrWriter done
Event: 21.167 Loading class java/lang/Throwable$WrappedPrintStream done
Event: 21.168 Loading class java/lang/StackTraceElement$HashedModules
Event: 21.168 Loading class java/lang/StackTraceElement$HashedModules done
Event: 21.173 Loading class java/awt/AWTException
Event: 21.173 Loading class java/awt/AWTException done

Classes unloaded (0 events):
No events

Classes redefined (0 events):
No events

Internal exceptions (15 events):
Event: 0.050 Thread 0x0000023142335380 Exception <a 'java/lang/NoSuchMethodError'{0x0000000442cd1620}: 'java.lang.Object java.lang.invoke.DirectMethodHandle$Holder.invokeStaticInit(java.lang.Object)'> (0x0000000442cd1620) 
thrown [s\src\hotspot\share\interpreter\linkResolver.cpp, line 759]
Event: 0.054 Thread 0x0000023142335380 Exception <a 'java/lang/NoSuchMethodError'{0x0000000442ce0170}: 'void java.lang.invoke.DirectMethodHandle$Holder.invokeStatic(java.lang.Object, java.lang.Object)'> (0x0000000442ce0170) 
thrown [s\src\hotspot\share\interpreter\linkResolver.cpp, line 759]
Event: 0.055 Thread 0x0000023101c747d0 Exception <a 'java/lang/ClassNotFoundException'{0x0000000442c335b0}: sun/awt/resources/spi/awtProvider> (0x0000000442c335b0) 
thrown [s\src\hotspot\share\classfile\systemDictionary.cpp, line 256]
Event: 0.066 Thread 0x0000023101c747d0 Exception <a 'java/io/FileNotFoundException'{0x0000000442c86860}> (0x0000000442c86860) 
thrown [s\src\hotspot\share\prims\jni.cpp, line 516]
Event: 0.070 Thread 0x0000023101c747d0 Exception <a 'java/io/FileNotFoundException'{0x0000000442cb3af8}> (0x0000000442cb3af8) 
thrown [s\src\hotspot\share\prims\jni.cpp, line 516]
Event: 0.101 Thread 0x0000023101c747d0 Exception <a 'java/lang/NoSuchMethodError'{0x000000044210fa48}: 'void java.lang.invoke.DirectMethodHandle$Holder.invokeSpecial(java.lang.Object, java.lang.Object, java.lang.Object)'> (0x000000044210fa48) 
thrown [s\src\hotspot\share\interpreter\linkResolver.cpp, line 759]
Event: 0.105 Thread 0x0000023101c747d0 Exception <a 'java/lang/NoSuchMethodError'{0x0000000442139960}: 'java.lang.Object java.lang.invoke.DirectMethodHandle$Holder.newInvokeSpecial(java.lang.Object, java.lang.Object, java.lang.Object, java.lang.Object, java.lang.Object)'> (0x0000000442139960) 
thrown [s\src\hotspot\share\interpreter\linkResolver.cpp, line 759]
Event: 0.106 Thread 0x0000023101c747d0 Exception <a 'java/lang/NoSuchMethodError'{0x00000004421452f8}: 'java.lang.Object java.lang.invoke.DirectMethodHandle$Holder.invokeStatic(java.lang.Object, int, java.lang.Object, java.lang.Object, java.lang.Object, java.lang.Object)'> (0x00000004421452f8) 
thrown [s\src\hotspot\share\interpreter\linkResolver.cpp, line 759]
Event: 0.108 Thread 0x0000023101c747d0 Exception <a 'java/lang/NoSuchMethodError'{0x000000044216aa28}: 'java.lang.Object java.lang.invoke.DirectMethodHandle$Holder.invokeStatic(java.lang.Object, int, java.lang.Object)'> (0x000000044216aa28) 
thrown [s\src\hotspot\share\interpreter\linkResolver.cpp, line 759]
Event: 0.123 Thread 0x0000023101c747d0 Exception <a 'java/lang/ClassNotFoundException'{0x00000004422223d8}: com/sun/swing/internal/plaf/metal/resources/spi/metalProvider> (0x00000004422223d8) 
thrown [s\src\hotspot\share\classfile\systemDictionary.cpp, line 256]
Event: 0.123 Thread 0x0000023101c747d0 Exception <a 'java/lang/ClassNotFoundException'{0x0000000442225f78}: com/sun/swing/internal/plaf/basic/resources/spi/basicProvider> (0x0000000442225f78) 
thrown [s\src\hotspot\share\classfile\systemDictionary.cpp, line 256]
Event: 0.141 Thread 0x0000023101c747d0 Exception <a 'java/lang/NoSuchMethodError'{0x000000044229fc50}: 'java.lang.Object java.lang.invoke.DirectMethodHandle$Holder.invokeStaticInit(java.lang.Object, int, int, int, int)'> (0x000000044229fc50) 
thrown [s\src\hotspot\share\interpreter\linkResolver.cpp, line 759]
Event: 0.170 Thread 0x0000023101c747d0 Exception <a 'java/lang/NoSuchMethodError'{0x0000000442398f10}: 'java.lang.Object java.lang.invoke.DirectMethodHandle$Holder.invokeStaticInit(java.lang.Object, java.lang.Object, int, int, int, int)'> (0x0000000442398f10) 
thrown [s\src\hotspot\share\interpreter\linkResolver.cpp, line 759]
Event: 0.191 Thread 0x00000231425f4280 Exception <a 'java/lang/NoSuchMethodError'{0x000000044200f7c8}: 'void java.lang.invoke.DirectMethodHandle$Holder.invokeVirtual(java.lang.Object, java.lang.Object)'> (0x000000044200f7c8) 
thrown [s\src\hotspot\share\interpreter\linkResolver.cpp, line 759]
Event: 0.198 Thread 0x0000023101c747d0 Exception <a 'java/lang/NoSuchMethodError'{0x0000000442411790}: 'void java.lang.invoke.DirectMethodHandle$Holder.invokeStaticInit(java.lang.Object)'> (0x0000000442411790) 
thrown [s\src\hotspot\share\interpreter\linkResolver.cpp, line 759]

VM Operations (20 events):
Event: 10.706 Executing VM operation: G1CollectForAllocation
Event: 10.708 Executing VM operation: G1CollectForAllocation done
Event: 11.709 Executing VM operation: Cleanup
Event: 11.709 Executing VM operation: Cleanup done
Event: 12.723 Executing VM operation: Cleanup
Event: 12.723 Executing VM operation: Cleanup done
Event: 13.737 Executing VM operation: Cleanup
Event: 13.737 Executing VM operation: Cleanup done
Event: 14.747 Executing VM operation: Cleanup
Event: 14.747 Executing VM operation: Cleanup done
Event: 15.761 Executing VM operation: Cleanup
Event: 15.761 Executing VM operation: Cleanup done
Event: 16.763 Executing VM operation: Cleanup
Event: 16.763 Executing VM operation: Cleanup done
Event: 18.775 Executing VM operation: Cleanup
Event: 18.775 Executing VM operation: Cleanup done
Event: 19.784 Executing VM operation: Cleanup
Event: 19.784 Executing VM operation: Cleanup done
Event: 20.793 Executing VM operation: Cleanup
Event: 20.793 Executing VM operation: Cleanup done

Events (20 events):
Event: 0.166 Thread 0x0000023142742e20 Thread added: 0x0000023142742e20
Event: 0.192 Thread 0x0000023142952370 Thread added: 0x0000023142952370
Event: 0.221 Thread 0x0000023142abed90 Thread added: 0x0000023142abed90
Event: 0.221 Thread 0x0000023101c747d0 Thread exited: 0x0000023101c747d0
Event: 0.221 Thread 0x0000023101c747d0 Thread added: 0x0000023101c747d0
Event: 0.338 Thread 0x0000023142742e20 Thread exited: 0x0000023142742e20
Event: 0.638 Thread 0x0000023142249290 Thread exited: 0x0000023142249290
Event: 0.965 Thread 0x0000023142add140 Thread added: 0x0000023142add140
Event: 0.965 Thread 0x0000023142add660 Thread added: 0x0000023142add660
Event: 1.123 Thread 0x0000023142add660 Thread exited: 0x0000023142add660
Event: 1.288 Thread 0x0000023142add140 Thread exited: 0x0000023142add140
Event: 2.955 Thread 0x000002314220a770 Thread exited: 0x000002314220a770
Event: 5.155 Thread 0x000002314220a250 Thread exited: 0x000002314220a250
Event: 5.155 Thread 0x0000023142200ac0 Thread exited: 0x0000023142200ac0
Event: 6.572 Thread 0x0000023142adaef0 Thread added: 0x0000023142adaef0
Event: 6.605 Thread 0x0000023142adc440 Thread added: 0x0000023142adc440
Event: 6.605 Thread 0x00000231424e3940 Thread added: 0x00000231424e3940
Event: 7.239 Thread 0x00000231424e3940 Thread exited: 0x00000231424e3940
Event: 7.523 Thread 0x0000023142adc440 Thread exited: 0x0000023142adc440
Event: 8.451 Thread 0x0000023142adaef0 Thread exited: 0x0000023142adaef0


Dynamic libraries:
0x00007ff7dc8a0000 - 0x00007ff7dc8ae000 	C:\Users\uczen\.jdks\corretto-17.0.12\bin\java.exe
0x00007ffc417f0000 - 0x00007ffc41a07000 	C:\Windows\SYSTEM32\ntdll.dll
0x00007ffc3fb70000 - 0x00007ffc3fc34000 	C:\Windows\System32\KERNEL32.DLL
0x00007ffc3ee90000 - 0x00007ffc3f23d000 	C:\Windows\System32\KERNELBASE.dll
0x00007ffc3ebb0000 - 0x00007ffc3ecc1000 	C:\Windows\System32\ucrtbase.dll
0x00007ffc13ac0000 - 0x00007ffc13adb000 	C:\Users\uczen\.jdks\corretto-17.0.12\bin\VCRUNTIME140.dll
0x00007ffc13610000 - 0x00007ffc13627000 	C:\Users\uczen\.jdks\corretto-17.0.12\bin\jli.dll
0x00007ffc40c60000 - 0x00007ffc40e0e000 	C:\Windows\System32\USER32.dll
0x00007ffc3f300000 - 0x00007ffc3f326000 	C:\Windows\System32\win32u.dll
0x00007ffc40c30000 - 0x00007ffc40c59000 	C:\Windows\System32\GDI32.dll
0x00007ffc255a0000 - 0x00007ffc25833000 	C:\Windows\WinSxS\amd64_microsoft.windows.common-controls_6595b64144ccf1df_6.0.22621.3672_none_2713b9d173822955\COMCTL32.dll
0x00007ffc3ed70000 - 0x00007ffc3ee89000 	C:\Windows\System32\gdi32full.dll
0x00007ffc3f620000 - 0x00007ffc3f6c7000 	C:\Windows\System32\msvcrt.dll
0x00007ffc3ecd0000 - 0x00007ffc3ed6a000 	C:\Windows\System32\msvcp_win.dll
0x00007ffc40ec0000 - 0x00007ffc40ef1000 	C:\Windows\System32\IMM32.DLL
0x00007ffc38220000 - 0x00007ffc3822c000 	C:\Users\uczen\.jdks\corretto-17.0.12\bin\vcruntime140_1.dll
0x00007ffc117c0000 - 0x00007ffc1184d000 	C:\Users\uczen\.jdks\corretto-17.0.12\bin\msvcp140.dll
0x00007ffbdce20000 - 0x00007ffbdda8a000 	C:\Users\uczen\.jdks\corretto-17.0.12\bin\server\jvm.dll
0x00007ffc40b00000 - 0x00007ffc40bb2000 	C:\Windows\System32\ADVAPI32.dll
0x00007ffc40e10000 - 0x00007ffc40eb9000 	C:\Windows\System32\sechost.dll
0x00007ffc3eb80000 - 0x00007ffc3eba8000 	C:\Windows\System32\bcrypt.dll
0x00007ffc3fc50000 - 0x00007ffc3fd64000 	C:\Windows\System32\RPCRT4.dll
0x00007ffc3faf0000 - 0x00007ffc3fb61000 	C:\Windows\System32\WS2_32.dll
0x00007ffc3d9c0000 - 0x00007ffc3da0d000 	C:\Windows\SYSTEM32\POWRPROF.dll
0x00007ffc367a0000 - 0x00007ffc367d4000 	C:\Windows\SYSTEM32\WINMM.dll
0x00007ffc301a0000 - 0x00007ffc301aa000 	C:\Windows\SYSTEM32\VERSION.dll
0x00007ffc3d9a0000 - 0x00007ffc3d9b3000 	C:\Windows\SYSTEM32\UMPDC.dll
0x00007ffc3dc50000 - 0x00007ffc3dc68000 	C:\Windows\SYSTEM32\kernel.appcore.dll
0x00007ffc27640000 - 0x00007ffc2764a000 	C:\Users\uczen\.jdks\corretto-17.0.12\bin\jimage.dll
0x00007ffc25840000 - 0x00007ffc25a72000 	C:\Windows\SYSTEM32\DBGHELP.DLL
0x00007ffc40770000 - 0x00007ffc40afe000 	C:\Windows\System32\combase.dll
0x00007ffc3f7d0000 - 0x00007ffc3f8a7000 	C:\Windows\System32\OLEAUT32.dll
0x00007ffc28a50000 - 0x00007ffc28a82000 	C:\Windows\SYSTEM32\dbgcore.DLL
0x00007ffc3f330000 - 0x00007ffc3f3ab000 	C:\Windows\System32\bcryptPrimitives.dll
0x00007ffc3bd20000 - 0x00007ffc3bd2e000 	C:\Users\uczen\.jdks\corretto-17.0.12\bin\instrument.dll
0x00007ffc11d80000 - 0x00007ffc11da5000 	C:\Users\uczen\.jdks\corretto-17.0.12\bin\java.dll
0x00007ffbe3560000 - 0x00007ffbe3637000 	C:\Users\uczen\.jdks\corretto-17.0.12\bin\jsvml.dll
0x00007ffc3fef0000 - 0x00007ffc40757000 	C:\Windows\System32\SHELL32.dll
0x00007ffc3caa0000 - 0x00007ffc3d39f000 	C:\Windows\SYSTEM32\windows.storage.dll
0x00007ffc3c960000 - 0x00007ffc3ca9f000 	C:\Windows\SYSTEM32\wintypes.dll
0x00007ffc3f6d0000 - 0x00007ffc3f7c9000 	C:\Windows\System32\SHCORE.dll
0x00007ffc40f00000 - 0x00007ffc40f5e000 	C:\Windows\System32\shlwapi.dll
0x00007ffc3ea40000 - 0x00007ffc3ea67000 	C:\Windows\SYSTEM32\profapi.dll
0x00007ffc0fa40000 - 0x00007ffc0fa58000 	C:\Users\uczen\.jdks\corretto-17.0.12\bin\zip.dll
0x00007ffc13140000 - 0x00007ffc13159000 	C:\Users\uczen\.jdks\corretto-17.0.12\bin\net.dll
0x00007ffc39620000 - 0x00007ffc39756000 	C:\Windows\SYSTEM32\WINHTTP.dll
0x00007ffc3e0c0000 - 0x00007ffc3e129000 	C:\Windows\system32\mswsock.dll
0x00007ffc10b80000 - 0x00007ffc10b96000 	C:\Users\uczen\.jdks\corretto-17.0.12\bin\nio.dll
0x00007ffc3b510000 - 0x00007ffc3b52a000 	C:\Program Files\JetBrains\IntelliJ IDEA 2024.2.2\bin\breakgen64.dll
0x00007ffc173a0000 - 0x00007ffc173a9000 	C:\Users\uczen\.jdks\corretto-17.0.12\bin\extnet.dll
0x00007ffc337f0000 - 0x00007ffc33980000 	C:\Users\uczen\.jdks\corretto-17.0.12\bin\awt.dll
0x00007ffc3b7d0000 - 0x00007ffc3b867000 	C:\Windows\SYSTEM32\apphelp.dll
0x00007ffc3c4d0000 - 0x00007ffc3c4fb000 	C:\Windows\system32\DWMAPI.DLL
0x00007ffc3c0a0000 - 0x00007ffc3c151000 	C:\Windows\system32\uxtheme.dll
0x00007ffbe3be0000 - 0x00007ffbe3ce0000 	C:\Windows\system32\opengl32.dll
0x00007ffc14b20000 - 0x00007ffc14b4d000 	C:\Windows\SYSTEM32\GLU32.dll
0x00007ffc3c290000 - 0x00007ffc3c2c7000 	C:\Windows\SYSTEM32\dxcore.dll
0x00007ffc3fd90000 - 0x00007ffc3feee000 	C:\Windows\System32\MSCTF.dll
0x00007ffc41070000 - 0x00007ffc41215000 	C:\Windows\System32\ole32.dll
0x00007ffc3e310000 - 0x00007ffc3e32b000 	C:\Windows\SYSTEM32\CRYPTSP.dll
0x00007ffc3dbb0000 - 0x00007ffc3dbe5000 	C:\Windows\system32\rsaenh.dll
0x00007ffc3e1b0000 - 0x00007ffc3e1d8000 	C:\Windows\SYSTEM32\USERENV.dll
0x00007ffc3e330000 - 0x00007ffc3e33c000 	C:\Windows\SYSTEM32\CRYPTBASE.dll
0x00007ffc3d670000 - 0x00007ffc3d69d000 	C:\Windows\SYSTEM32\IPHLPAPI.DLL
0x00007ffc40760000 - 0x00007ffc40769000 	C:\Windows\System32\NSI.dll
0x00007ffc39490000 - 0x00007ffc394a9000 	C:\Windows\SYSTEM32\dhcpcsvc6.DLL
0x00007ffc393d0000 - 0x00007ffc393ef000 	C:\Windows\SYSTEM32\dhcpcsvc.DLL
0x00007ffc3d6e0000 - 0x00007ffc3d7d8000 	C:\Windows\SYSTEM32\DNSAPI.dll
0x00007ffc21fb0000 - 0x00007ffc22037000 	C:\Users\uczen\.jdks\corretto-17.0.12\bin\freetype.dll
0x00007ffc21ac0000 - 0x00007ffc21ba2000 	C:\Users\uczen\.jdks\corretto-17.0.12\bin\fontmanager.dll
0x00007ffc32770000 - 0x00007ffc328b3000 	C:\Windows\SYSTEM32\textinputframework.dll
0x00007ffc3acd0000 - 0x00007ffc3ae03000 	C:\Windows\SYSTEM32\CoreMessaging.dll
0x00007ffc37a60000 - 0x00007ffc37dcd000 	C:\Windows\SYSTEM32\CoreUIComponents.dll

dbghelp: loaded successfully - version: 4.0.5 - missing functions: none
symbol engine: initialized successfully - sym options: 0x614 - pdb path: .;C:\Users\uczen\.jdks\corretto-17.0.12\bin;C:\Windows\SYSTEM32;C:\Windows\WinSxS\amd64_microsoft.windows.common-controls_6595b64144ccf1df_6.0.22621.3672_none_2713b9d173822955;C:\Users\uczen\.jdks\corretto-17.0.12\bin\server;C:\Program Files\JetBrains\IntelliJ IDEA 2024.2.2\bin

VM Arguments:
jvm_args: -javaagent:C:\Program Files\JetBrains\IntelliJ IDEA 2024.2.2\lib\idea_rt.jar=50957:C:\Program Files\JetBrains\IntelliJ IDEA 2024.2.2\bin -Dfile.encoding=UTF-8 
java_command: org.example.Main
java_class_path (initial): C:\Users\uczen\Desktop\gra\target\classes
Launcher Type: SUN_STANDARD

[Global flags]
     intx CICompilerCount                          = 12                                        {product} {ergonomic}
     uint ConcGCThreads                            = 3                                         {product} {ergonomic}
     uint G1ConcRefinementThreads                  = 13                                        {product} {ergonomic}
   size_t G1HeapRegionSize                         = 8388608                                   {product} {ergonomic}
    uintx GCDrainStackTargetSize                   = 64                                        {product} {ergonomic}
   size_t InitialHeapSize                          = 1073741824                                {product} {ergonomic}
   size_t MarkStackSize                            = 4194304                                   {product} {ergonomic}
   size_t MaxHeapSize                              = 17129537536                               {product} {ergonomic}
   size_t MaxNewSize                               = 10276044800                               {product} {ergonomic}
   size_t MinHeapDeltaBytes                        = 8388608                                   {product} {ergonomic}
   size_t MinHeapSize                              = 8388608                                   {product} {ergonomic}
    uintx NonNMethodCodeHeapSize                   = 7602480                                {pd product} {ergonomic}
    uintx NonProfiledCodeHeapSize                  = 122027880                              {pd product} {ergonomic}
    uintx ProfiledCodeHeapSize                     = 122027880                              {pd product} {ergonomic}
    uintx ReservedCodeCacheSize                    = 251658240                              {pd product} {ergonomic}
     bool SegmentedCodeCache                       = true                                      {product} {ergonomic}
   size_t SoftMaxHeapSize                          = 17129537536                            {manageable} {ergonomic}
     bool UseCompressedClassPointers               = true                           {product lp64_product} {ergonomic}
     bool UseCompressedOops                        = true                           {product lp64_product} {ergonomic}
     bool UseG1GC                                  = true                                      {product} {ergonomic}
     bool UseLargePagesIndividualAllocation        = false                                  {pd product} {ergonomic}

Logging:
Log output configuration:
 #0: stdout all=warning uptime,level,tags
 #1: stderr all=off uptime,level,tags

Environment Variables:
PATH=C:\Program Files\Common Files\Oracle\Java\javapath;C:\Windows\system32;C:\Windows;C:\Windows\System32\Wbem;C:\Windows\System32\WindowsPowerShell\v1.0\;C:\Windows\System32\OpenSSH\;C:\Program Files\Git\cmd;C:\Program Files\dotnet\;C:\Program Files (x86)\Windows Kits\10\Windows Performance Toolkit\;C:\Users\uczen\AppData\Local\Microsoft\WindowsApps;C:\Users\uczen\AppData\Local\Programs\Microsoft VS Code\bin;C:\Users\uczen\.dotnet\tools
USERNAME=uczen
OS=Windows_NT
PROCESSOR_IDENTIFIER=Intel64 Family 6 Model 191 Stepping 2, GenuineIntel
TMP=C:\Users\uczen\AppData\Local\Temp
TEMP=C:\Users\uczen\AppData\Local\Temp



Periodic native trim disabled


---------------  S Y S T E M  ---------------

OS:
 Windows 11 , 64 bit Build 22621 (10.0.22621.3958)
OS uptime: 0 days 0:27 hours

CPU: total 16 (initial active 16) (8 cores per cpu, 2 threads per core) family 6 model 191 stepping 2 microcode 0x35, cx8, cmov, fxsr, ht, mmx, 3dnowpref, sse, sse2, sse3, ssse3, sse4.1, sse4.2, popcnt, lzcnt, tsc, tscinvbit, avx, avx2, aes, erms, clmul, bmi1, bmi2, adx, sha, fma, vzeroupper, clflush, clflushopt, clwb
Processor Information for all 16 processors :
  Max Mhz: 2500, Current Mhz: 2500, Mhz Limit: 2500

Memory: 4k page, system-wide physical 65312M (55776M free)
TotalPageFile size 75040M (AvailPageFile size 64953M)
current process WorkingSet (physical memory assigned to process): 112M, peak: 113M
current process commit charge ("private bytes"): 1167M, peak: 1171M

vm_info: OpenJDK 64-Bit Server VM (17.0.12+7-LTS) for windows-amd64 JRE (17.0.12+7-LTS), built on Jul 10 2024 20:46:33 by "Administrator" with MS VC++ 16.10 / 16.11 (VS2019)

END.
