#
# A fatal error has been detected by the Java Runtime Environment:
#
#  EXCEPTION_ACCESS_VIOLATION (0xc0000005) at pc=0x00007ff9a26ac89c, pid=12636, tid=12964
#
# JRE version: OpenJDK Runtime Environment Corretto-17.0.12.7.1 (17.0.12+7) (build 17.0.12+7-LTS)
# Java VM: OpenJDK 64-Bit Server VM Corretto-17.0.12.7.1 (17.0.12+7-LTS, mixed mode, sharing, tiered, compressed oops, compressed class ptrs, g1 gc, windows-amd64)
# Problematic frame:
# C  [awt.dll+0xdc89c]
#
# No core dump will be written. Minidumps are not enabled by default on client versions of Windows
#
# If you would like to submit a bug report, please visit:
#   https://github.com/corretto/corretto-17/issues/
# The crash happened outside the Java Virtual Machine in native code.
# See problematic frame for where to report the bug.
#

---------------  S U M M A R Y ------------

Command Line: -javaagent:C:\Program Files\JetBrains\IntelliJ IDEA 2024.2.2\lib\idea_rt.jar=50593:C:\Program Files\JetBrains\IntelliJ IDEA 2024.2.2\bin -Dfile.encoding=UTF-8 org.example.Main

Host: 13th Gen Intel(R) Core(TM) i5-13400, 16 cores, 63G,  Windows 11 , 64 bit Build 22621 (10.0.22621.3958)
Time: Wed Nov 27 11:46:30 2024  Windows 11 , 64 bit Build 22621 (10.0.22621.3958) elapsed time: 160.567194 seconds (0d 0h 2m 40s)

---------------  T H R E A D  ---------------

Current thread (0x0000029ec219eac0):  JavaThread "AWT-Windows" daemon [_thread_in_native, id=12964, stack(0x000000d6dbf00000,0x000000d6dc000000)]

Stack: [0x000000d6dbf00000,0x000000d6dc000000],  sp=0x000000d6dbffed00,  free space=1019k
Native frames: (J=compiled Java code, j=interpreted, Vv=VM code, C=native code)
C  [awt.dll+0xdc89c]

Java frames: (J=compiled Java code, j=interpreted, Vv=VM code)
j  sun.awt.windows.WToolkit.eventLoop()V+0 java.desktop@17.0.12
j  sun.awt.windows.WToolkit.run()V+50 java.desktop@17.0.12
j  java.lang.Thread.run()V+11 java.base@17.0.12
v  ~StubRoutines::call_stub

siginfo: EXCEPTION_ACCESS_VIOLATION (0xc0000005), reading address 0x0000000000000004


Registers:
RAX=0x00007ff961e5be48, RBX=0x0000029ec2241e20, RCX=0x0000000000000000, RDX=0x0000000000000000
RSP=0x000000d6dbffed00, RBP=0x000000d6dbffee09, RSI=0x0000029ec24dca60, RDI=0x0000000000000000
R8 =0x0000000000000001, R9 =0x0000000000000000, R10=0x0000000000000000, R11=0x0000000000000246
R12=0x0000000000000000, R13=0x0000000000000310, R14=0x0000000000000000, R15=0x0000000000000000
RIP=0x00007ff9a26ac89c, EFLAGS=0x0000000000010246


Register to memory mapping:

RIP=0x00007ff9a26ac89c awt.dll
RAX=0x00007ff961e5be48 jvm.dll
RBX=0x0000029ec2241e20 points into unknown readable memory: 0x0000029ec4b5a800 | 00 a8 b5 c4 9e 02 00 00
RCX=0x0 is NULL
RDX=0x0 is NULL
RSP=0x000000d6dbffed00 is pointing into the stack for thread: 0x0000029ec219eac0
RBP=0x000000d6dbffee09 is pointing into the stack for thread: 0x0000029ec219eac0
RSI=0x0000029ec24dca60 points into unknown readable memory: 0x00007ff9a26dc880 | 80 c8 6d a2 f9 7f 00 00
RDI=0x0 is NULL
R8 =0x0000000000000001 is an unknown value
R9 =0x0 is NULL
R10=0x0 is NULL
R11=0x0000000000000246 is an unknown value
R12=0x0 is NULL
R13=0x0000000000000310 is an unknown value
R14=0x0 is NULL
R15=0x0 is NULL


Top of Stack: (sp=0x000000d6dbffed00)
0x000000d6dbffed00:   00007ff9a270c838 0000000000000000
0x000000d6dbffed10:   000000000601002c 0000000000000000
0x000000d6dbffed20:   0000000000000000 00007ff9a266825b
0x000000d6dbffed30:   0000000000000000 0000029ec2241e20
0x000000d6dbffed40:   0000000000000000 0000029ec24dca60
0x000000d6dbffed50:   0000029ec24dca60 00007ff9a26682a6
0x000000d6dbffed60:   00007ff9a25d0000 0000000000000000
0x000000d6dbffed70:   000000000000c1f4 0000000000000000
0x000000d6dbffed80:   0000029ec24dca60 00007ff9a2665606
0x000000d6dbffed90:   0000029ec24dca60 0000000000000000
0x000000d6dbffeda0:   0000000000000001 00007ff9bd776b17
0x000000d6dbffedb0:   000000d6dbffee70 00000004388075a8
0x000000d6dbffedc0:   00007ff9a2668780 0000000000000000
0x000000d6dbffedd0:   0000000000000000 00007ff9bd778ae3
0x000000d6dbffede0:   0000000000000000 000000d6dbffee70
0x000000d6dbffedf0:   000000d6dbffee74 0000029ec219ed78
0x000000d6dbffee00:   0000029ec24dcb00 000000000000c1f4
0x000000d6dbffee10:   000000000000c1f4 0000e1628e9cdd47
0x000000d6dbffee20:   0000029e7c6e3690 0000000000000000
0x000000d6dbffee30:   0000000000000000 0000000000000000
0x000000d6dbffee40:   0000000000000000 0000000000000000
0x000000d6dbffee50:   0000000000000000 0000029ec24dca60
0x000000d6dbffee60:   0000000000000310 00007ff9a26b16cb
0x000000d6dbffee70:   0000000200000002 0000000000000000
0x000000d6dbffee80:   0000c53fb83d2eec 0000f3203af28bce
0x000000d6dbffee90:   0000000000000000 000000000000c1f4
0x000000d6dbffeea0:   0000000000000000 0000000000000000
0x000000d6dbffeeb0:   000000d6dbfff088 00007ff9bc248586
0x000000d6dbffeec0:   0000029e6b0f1010 00007ff9bd778ae3
0x000000d6dbffeed0:   ffffffffffffffeb 00007ff9bc24aba9
0x000000d6dbffeee0:   0000000000000001 0000e1628e9cdea7
0x000000d6dbffeef0:   0000000000090510 0000000000000000 

Instructions: (pc=0x00007ff9a26ac89c)
0x00007ff9a26ac79c:   2b fe 66 90 8b 04 0f 89 01 48 8d 49 04 48 83 ea
0x00007ff9a26ac7ac:   01 75 f1 45 85 ff 7e 11 4d 8b c7 33 d2 49 c1 e0
0x00007ff9a26ac7bc:   02 49 8b ce e8 19 0b 01 00 48 8b 03 45 33 c9 4d
0x00007ff9a26ac7cc:   8b c6 48 8b d5 48 8b cb ff 90 f8 06 00 00 48 8b
0x00007ff9a26ac7dc:   03 45 33 c9 4c 8b c6 49 8b d4 48 8b cb ff 90 f8
0x00007ff9a26ac7ec:   06 00 00 4c 8b 05 ba cb 06 00 48 8b cb 48 8b 15
0x00007ff9a26ac7fc:   90 cb 06 00 e8 7b f5 fb ff e9 5d ff ff ff 48 8d
0x00007ff9a26ac80c:   15 2f 42 03 00 48 8b cb e8 8d f3 00 00 e9 58 ff
0x00007ff9a26ac81c:   ff ff cc cc 48 89 5c 24 08 57 48 83 ec 20 8b f9
0x00007ff9a26ac82c:   e8 7f bd f4 ff 48 8b d8 48 89 44 24 38 41 b8 01
0x00007ff9a26ac83c:   00 00 00 8b d7 48 8b c8 e8 e7 bc f4 ff 48 8b c8
0x00007ff9a26ac84c:   e8 8f fd ff ff 90 48 8b cb e8 16 bf f4 ff 90 48
0x00007ff9a26ac85c:   8b 5c 24 30 48 83 c4 20 5f c3 cc cc cc cc cc cc
0x00007ff9a26ac86c:   cc cc cc cc 48 89 5c 24 08 57 48 83 ec 20 8b f9
0x00007ff9a26ac87c:   e8 2f bd f4 ff 48 8b d8 48 89 44 24 38 41 b8 01
0x00007ff9a26ac88c:   00 00 00 8b d7 48 8b c8 e8 97 bc f4 ff 48 8b 08
0x00007ff9a26ac89c:   83 79 04 08 7e 04 33 ff eb 0b 48 8b 48 08 e8 81
0x00007ff9a26ac8ac:   7b fe ff 8b f8 48 8b cb e8 b7 be f4 ff 90 8b c7
0x00007ff9a26ac8bc:   48 8b 5c 24 30 48 83 c4 20 5f c3 cc cc cc cc cc
0x00007ff9a26ac8cc:   cc cc cc cc 48 89 5c 24 08 48 89 74 24 10 48 89
0x00007ff9a26ac8dc:   7c 24 18 41 56 48 83 ec 30 41 8b f9 45 8b f0 48
0x00007ff9a26ac8ec:   8b f2 48 8b d9 e8 ba 89 00 00 e8 15 ac ff ff 8b
0x00007ff9a26ac8fc:   44 24 68 89 44 24 20 44 8b 4c 24 60 44 8b c7 41
0x00007ff9a26ac90c:   8b d6 48 8b cb e8 fa e5 ff ff 48 8b f8 48 85 c0
0x00007ff9a26ac91c:   74 7f 48 8b 03 48 8b d6 48 8b cb ff 90 f8 00 00
0x00007ff9a26ac92c:   00 48 8b d0 48 8b cb 48 85 c0 75 0e 48 8d 15 89
0x00007ff9a26ac93c:   42 03 00 e8 62 f2 00 00 eb 57 48 8b 03 4c 8d 0d
0x00007ff9a26ac94c:   a0 42 03 00 4c 8d 05 b1 42 03 00 ff 90 08 01 00
0x00007ff9a26ac95c:   00 48 8b cb 48 85 c0 75 1a 48 8b 03 ff 90 88 00
0x00007ff9a26ac96c:   00 00 48 8d 15 9b 42 03 00 48 8b cb e8 29 f2 00
0x00007ff9a26ac97c:   00 eb 1e 4c 8b cf 4c 8b c0 48 8b d6 e8 93 e0 fa
0x00007ff9a26ac98c:   ff 48 8b 03 48 8b d7 48 8b cb ff 90 b8 00 00 00 


Stack slot to memory mapping:
stack at sp + 0 slots: 0x00007ff9a270c838 awt.dll
stack at sp + 1 slots: 0x0 is NULL
stack at sp + 2 slots: 0x000000000601002c is an unknown value
stack at sp + 3 slots: 0x0 is NULL
stack at sp + 4 slots: 0x0 is NULL
stack at sp + 5 slots: 0x00007ff9a266825b awt.dll
stack at sp + 6 slots: 0x0 is NULL
stack at sp + 7 slots: 0x0000029ec2241e20 points into unknown readable memory: 0x0000029ec4b5a800 | 00 a8 b5 c4 9e 02 00 00


---------------  P R O C E S S  ---------------

Threads class SMR info:
_java_thread_list=0x0000029ec26bd300, length=18, elements={
0x0000029e7c6e9880, 0x0000029e7c6eb5b0, 0x0000029e7c706010, 0x0000029e7c706bd0,
0x0000029e7c7095a0, 0x0000029e7c709f60, 0x0000029e7c710240, 0x0000029e7c73ad20,
0x0000029e7c74ce00, 0x0000029e7c6dca00, 0x0000029e7c9970c0, 0x0000029e7c9975a0,
0x0000029ec2192420, 0x0000029ec2196830, 0x0000029ec219eac0, 0x0000029ec24f15b0,
0x0000029ec2653660, 0x0000029e5c174c50
}

Java Threads: ( => current thread )
  0x0000029e7c6e9880 JavaThread "Reference Handler" daemon [_thread_blocked, id=3688, stack(0x000000d6dac00000,0x000000d6dad00000)]
  0x0000029e7c6eb5b0 JavaThread "Finalizer" daemon [_thread_blocked, id=360, stack(0x000000d6dad00000,0x000000d6dae00000)]
  0x0000029e7c706010 JavaThread "Signal Dispatcher" daemon [_thread_blocked, id=228, stack(0x000000d6dae00000,0x000000d6daf00000)]
  0x0000029e7c706bd0 JavaThread "Attach Listener" daemon [_thread_blocked, id=2584, stack(0x000000d6daf00000,0x000000d6db000000)]
  0x0000029e7c7095a0 JavaThread "Service Thread" daemon [_thread_blocked, id=7080, stack(0x000000d6db000000,0x000000d6db100000)]
  0x0000029e7c709f60 JavaThread "Monitor Deflation Thread" daemon [_thread_blocked, id=8240, stack(0x000000d6db100000,0x000000d6db200000)]
  0x0000029e7c710240 JavaThread "C2 CompilerThread0" daemon [_thread_blocked, id=9384, stack(0x000000d6db200000,0x000000d6db300000)]
  0x0000029e7c73ad20 JavaThread "C1 CompilerThread0" daemon [_thread_blocked, id=12404, stack(0x000000d6db300000,0x000000d6db400000)]
  0x0000029e7c74ce00 JavaThread "Sweeper thread" daemon [_thread_blocked, id=2556, stack(0x000000d6db400000,0x000000d6db500000)]
  0x0000029e7c6dca00 JavaThread "Common-Cleaner" daemon [_thread_blocked, id=5168, stack(0x000000d6db500000,0x000000d6db600000)]
  0x0000029e7c9970c0 JavaThread "Monitor Ctrl-Break" daemon [_thread_in_native, id=1408, stack(0x000000d6dba00000,0x000000d6dbb00000)]
  0x0000029e7c9975a0 JavaThread "Notification Thread" daemon [_thread_blocked, id=7008, stack(0x000000d6dbb00000,0x000000d6dbc00000)]
  0x0000029ec2192420 JavaThread "Java2D Disposer" daemon [_thread_blocked, id=2272, stack(0x000000d6dbd00000,0x000000d6dbe00000)]
  0x0000029ec2196830 JavaThread "AWT-Shutdown" [_thread_blocked, id=8408, stack(0x000000d6dbe00000,0x000000d6dbf00000)]
=>0x0000029ec219eac0 JavaThread "AWT-Windows" daemon [_thread_in_native, id=12964, stack(0x000000d6dbf00000,0x000000d6dc000000)]
  0x0000029ec24f15b0 JavaThread "AWT-EventQueue-0" [_thread_blocked, id=12912, stack(0x000000d6dc100000,0x000000d6dc200000)]
  0x0000029ec2653660 JavaThread "Thread-0" [_thread_in_Java, id=5432, stack(0x000000d6dc200000,0x000000d6dc300000)]
  0x0000029e5c174c50 JavaThread "DestroyJavaVM" [_thread_blocked, id=10980, stack(0x000000d6da500000,0x000000d6da600000)]

Other Threads:
  0x0000029e7c6e3e50 VMThread "VM Thread" [stack: 0x000000d6dab00000,0x000000d6dac00000] [id=5300]
  0x0000029e7c997a80 WatcherThread [stack: 0x000000d6dbc00000,0x000000d6dbd00000] [id=3692]
  0x0000029e5c225520 GCTaskThread "GC Thread#0" [stack: 0x000000d6da600000,0x000000d6da700000] [id=7236]
  0x0000029e7c73ca30 GCTaskThread "GC Thread#1" [stack: 0x000000d6db600000,0x000000d6db700000] [id=2756]
  0x0000029ec26bd5e0 GCTaskThread "GC Thread#2" [stack: 0x000000d6db700000,0x000000d6db800000] [id=6348]
  0x0000029ec2680950 GCTaskThread "GC Thread#3" [stack: 0x000000d6db800000,0x000000d6db900000] [id=7360]
  0x0000029ec2116b80 GCTaskThread "GC Thread#4" [stack: 0x000000d6db900000,0x000000d6dba00000] [id=12100]
  0x0000029ec2115840 GCTaskThread "GC Thread#5" [stack: 0x000000d6dc000000,0x000000d6dc100000] [id=12436]
  0x0000029ec2116e40 GCTaskThread "GC Thread#6" [stack: 0x000000d6dc300000,0x000000d6dc400000] [id=9604]
  0x0000029ec21152c0 GCTaskThread "GC Thread#7" [stack: 0x000000d6dc400000,0x000000d6dc500000] [id=9836]
  0x0000029ec2115580 GCTaskThread "GC Thread#8" [stack: 0x000000d6dc500000,0x000000d6dc600000] [id=1956]
  0x0000029ec2116340 GCTaskThread "GC Thread#9" [stack: 0x000000d6dc600000,0x000000d6dc700000] [id=9736]
  0x0000029ec2115b00 GCTaskThread "GC Thread#10" [stack: 0x000000d6dc700000,0x000000d6dc800000] [id=8476]
  0x0000029ec2115dc0 GCTaskThread "GC Thread#11" [stack: 0x000000d6dc800000,0x000000d6dc900000] [id=4936]
  0x0000029ec2116080 GCTaskThread "GC Thread#12" [stack: 0x000000d6dc900000,0x000000d6dca00000] [id=496]
  0x0000029e5c22e300 ConcurrentGCThread "G1 Main Marker" [stack: 0x000000d6da700000,0x000000d6da800000] [id=4308]
  0x0000029e5c22ec30 ConcurrentGCThread "G1 Conc#0" [stack: 0x000000d6da800000,0x000000d6da900000] [id=5156]
  0x0000029e797aa010 ConcurrentGCThread "G1 Refine#0" [stack: 0x000000d6da900000,0x000000d6daa00000] [id=12216]
  0x0000029e797aaa40 ConcurrentGCThread "G1 Service" [stack: 0x000000d6daa00000,0x000000d6dab00000] [id=7108]

Threads with active compile tasks:

VM state: not at safepoint (normal execution)

VM Mutex/Monitor currently owned by a thread: None

Heap address: 0x0000000403000000, size: 16336 MB, Compressed Oops mode: Zero based, Oop shift amount: 3

CDS archive(s) mapped at: [0x0000029e7d000000-0x0000029e7dbb0000-0x0000029e7dbb0000), size 12255232, SharedBaseAddress: 0x0000029e7d000000, ArchiveRelocationMode: 1.
Compressed class space mapped at: 0x0000029e7e000000-0x0000029ebe000000, reserved size: 1073741824
Narrow klass base: 0x0000029e7d000000, Narrow klass shift: 0, Narrow klass range: 0x100000000

GC Precious Log:
 CPUs: 16 total, 16 available
 Memory: 65312M
 Large Page Support: Disabled
 NUMA Support: Disabled
 Compressed Oops: Enabled (Zero based)
 Heap Region Size: 8M
 Heap Min Capacity: 8M
 Heap Initial Capacity: 1G
 Heap Max Capacity: 16336M
 Pre-touch: Disabled
 Parallel Workers: 13
 Concurrent Workers: 3
 Concurrent Refinement Workers: 13
 Periodic GC: Disabled

Heap:
 garbage-first heap   total 1048576K, used 265513K [0x0000000403000000, 0x0000000800000000)
  region size 8192K, 34 young (278528K), 1 survivors (8192K)
 Metaspace       used 8127K, committed 8384K, reserved 1114112K
  class space    used 840K, committed 960K, reserved 1048576K

Heap Regions: E=young(eden), S=young(survivor), O=old, HS=humongous(starts), HC=humongous(continues), CS=collection set, F=free, OA=open archive, CA=closed archive, TAMS=top-at-mark-start (previous, next)
|   0|0x0000000403000000, 0x0000000403000000, 0x0000000403800000|  0%| F|  |TAMS 0x0000000403000000, 0x0000000403000000| Untracked 
|   1|0x0000000403800000, 0x0000000403800000, 0x0000000404000000|  0%| F|  |TAMS 0x0000000403800000, 0x0000000403800000| Untracked 
|   2|0x0000000404000000, 0x0000000404000000, 0x0000000404800000|  0%| F|  |TAMS 0x0000000404000000, 0x0000000404000000| Untracked 
|   3|0x0000000404800000, 0x0000000404800000, 0x0000000405000000|  0%| F|  |TAMS 0x0000000404800000, 0x0000000404800000| Untracked 
|   4|0x0000000405000000, 0x0000000405000000, 0x0000000405800000|  0%| F|  |TAMS 0x0000000405000000, 0x0000000405000000| Untracked 
|   5|0x0000000405800000, 0x0000000405800000, 0x0000000406000000|  0%| F|  |TAMS 0x0000000405800000, 0x0000000405800000| Untracked 
|   6|0x0000000406000000, 0x0000000406000000, 0x0000000406800000|  0%| F|  |TAMS 0x0000000406000000, 0x0000000406000000| Untracked 
|   7|0x0000000406800000, 0x0000000406800000, 0x0000000407000000|  0%| F|  |TAMS 0x0000000406800000, 0x0000000406800000| Untracked 
|   8|0x0000000407000000, 0x0000000407000000, 0x0000000407800000|  0%| F|  |TAMS 0x0000000407000000, 0x0000000407000000| Untracked 
|   9|0x0000000407800000, 0x0000000407800000, 0x0000000408000000|  0%| F|  |TAMS 0x0000000407800000, 0x0000000407800000| Untracked 
|  10|0x0000000408000000, 0x0000000408000000, 0x0000000408800000|  0%| F|  |TAMS 0x0000000408000000, 0x0000000408000000| Untracked 
|  11|0x0000000408800000, 0x0000000408800000, 0x0000000409000000|  0%| F|  |TAMS 0x0000000408800000, 0x0000000408800000| Untracked 
|  12|0x0000000409000000, 0x0000000409000000, 0x0000000409800000|  0%| F|  |TAMS 0x0000000409000000, 0x0000000409000000| Untracked 
|  13|0x0000000409800000, 0x0000000409800000, 0x000000040a000000|  0%| F|  |TAMS 0x0000000409800000, 0x0000000409800000| Untracked 
|  14|0x000000040a000000, 0x000000040a000000, 0x000000040a800000|  0%| F|  |TAMS 0x000000040a000000, 0x000000040a000000| Untracked 
|  15|0x000000040a800000, 0x000000040a800000, 0x000000040b000000|  0%| F|  |TAMS 0x000000040a800000, 0x000000040a800000| Untracked 
|  16|0x000000040b000000, 0x000000040b000000, 0x000000040b800000|  0%| F|  |TAMS 0x000000040b000000, 0x000000040b000000| Untracked 
|  17|0x000000040b800000, 0x000000040b800000, 0x000000040c000000|  0%| F|  |TAMS 0x000000040b800000, 0x000000040b800000| Untracked 
|  18|0x000000040c000000, 0x000000040c000000, 0x000000040c800000|  0%| F|  |TAMS 0x000000040c000000, 0x000000040c000000| Untracked 
|  19|0x000000040c800000, 0x000000040c800000, 0x000000040d000000|  0%| F|  |TAMS 0x000000040c800000, 0x000000040c800000| Untracked 
|  20|0x000000040d000000, 0x000000040d000000, 0x000000040d800000|  0%| F|  |TAMS 0x000000040d000000, 0x000000040d000000| Untracked 
|  21|0x000000040d800000, 0x000000040d800000, 0x000000040e000000|  0%| F|  |TAMS 0x000000040d800000, 0x000000040d800000| Untracked 
|  22|0x000000040e000000, 0x000000040e000000, 0x000000040e800000|  0%| F|  |TAMS 0x000000040e000000, 0x000000040e000000| Untracked 
|  23|0x000000040e800000, 0x000000040e800000, 0x000000040f000000|  0%| F|  |TAMS 0x000000040e800000, 0x000000040e800000| Untracked 
|  24|0x000000040f000000, 0x000000040f000000, 0x000000040f800000|  0%| F|  |TAMS 0x000000040f000000, 0x000000040f000000| Untracked 
|  25|0x000000040f800000, 0x000000040f800000, 0x0000000410000000|  0%| F|  |TAMS 0x000000040f800000, 0x000000040f800000| Untracked 
|  26|0x0000000410000000, 0x0000000410000000, 0x0000000410800000|  0%| F|  |TAMS 0x0000000410000000, 0x0000000410000000| Untracked 
|  27|0x0000000410800000, 0x0000000410800000, 0x0000000411000000|  0%| F|  |TAMS 0x0000000410800000, 0x0000000410800000| Untracked 
|  28|0x0000000411000000, 0x0000000411000000, 0x0000000411800000|  0%| F|  |TAMS 0x0000000411000000, 0x0000000411000000| Untracked 
|  29|0x0000000411800000, 0x0000000411800000, 0x0000000412000000|  0%| F|  |TAMS 0x0000000411800000, 0x0000000411800000| Untracked 
|  30|0x0000000412000000, 0x0000000412000000, 0x0000000412800000|  0%| F|  |TAMS 0x0000000412000000, 0x0000000412000000| Untracked 
|  31|0x0000000412800000, 0x0000000412800000, 0x0000000413000000|  0%| F|  |TAMS 0x0000000412800000, 0x0000000412800000| Untracked 
|  32|0x0000000413000000, 0x0000000413000000, 0x0000000413800000|  0%| F|  |TAMS 0x0000000413000000, 0x0000000413000000| Untracked 
|  33|0x0000000413800000, 0x0000000413800000, 0x0000000414000000|  0%| F|  |TAMS 0x0000000413800000, 0x0000000413800000| Untracked 
|  34|0x0000000414000000, 0x0000000414000000, 0x0000000414800000|  0%| F|  |TAMS 0x0000000414000000, 0x0000000414000000| Untracked 
|  35|0x0000000414800000, 0x0000000414800000, 0x0000000415000000|  0%| F|  |TAMS 0x0000000414800000, 0x0000000414800000| Untracked 
|  36|0x0000000415000000, 0x0000000415000000, 0x0000000415800000|  0%| F|  |TAMS 0x0000000415000000, 0x0000000415000000| Untracked 
|  37|0x0000000415800000, 0x0000000415800000, 0x0000000416000000|  0%| F|  |TAMS 0x0000000415800000, 0x0000000415800000| Untracked 
|  38|0x0000000416000000, 0x0000000416000000, 0x0000000416800000|  0%| F|  |TAMS 0x0000000416000000, 0x0000000416000000| Untracked 
|  39|0x0000000416800000, 0x0000000416800000, 0x0000000417000000|  0%| F|  |TAMS 0x0000000416800000, 0x0000000416800000| Untracked 
|  40|0x0000000417000000, 0x0000000417000000, 0x0000000417800000|  0%| F|  |TAMS 0x0000000417000000, 0x0000000417000000| Untracked 
|  41|0x0000000417800000, 0x0000000417800000, 0x0000000418000000|  0%| F|  |TAMS 0x0000000417800000, 0x0000000417800000| Untracked 
|  42|0x0000000418000000, 0x0000000418000000, 0x0000000418800000|  0%| F|  |TAMS 0x0000000418000000, 0x0000000418000000| Untracked 
|  43|0x0000000418800000, 0x0000000418800000, 0x0000000419000000|  0%| F|  |TAMS 0x0000000418800000, 0x0000000418800000| Untracked 
|  44|0x0000000419000000, 0x0000000419000000, 0x0000000419800000|  0%| F|  |TAMS 0x0000000419000000, 0x0000000419000000| Untracked 
|  45|0x0000000419800000, 0x0000000419800000, 0x000000041a000000|  0%| F|  |TAMS 0x0000000419800000, 0x0000000419800000| Untracked 
|  46|0x000000041a000000, 0x000000041a000000, 0x000000041a800000|  0%| F|  |TAMS 0x000000041a000000, 0x000000041a000000| Untracked 
|  47|0x000000041a800000, 0x000000041a800000, 0x000000041b000000|  0%| F|  |TAMS 0x000000041a800000, 0x000000041a800000| Untracked 
|  48|0x000000041b000000, 0x000000041b000000, 0x000000041b800000|  0%| F|  |TAMS 0x000000041b000000, 0x000000041b000000| Untracked 
|  49|0x000000041b800000, 0x000000041b800000, 0x000000041c000000|  0%| F|  |TAMS 0x000000041b800000, 0x000000041b800000| Untracked 
|  50|0x000000041c000000, 0x000000041c000000, 0x000000041c800000|  0%| F|  |TAMS 0x000000041c000000, 0x000000041c000000| Untracked 
|  51|0x000000041c800000, 0x000000041c800000, 0x000000041d000000|  0%| F|  |TAMS 0x000000041c800000, 0x000000041c800000| Untracked 
|  52|0x000000041d000000, 0x000000041d000000, 0x000000041d800000|  0%| F|  |TAMS 0x000000041d000000, 0x000000041d000000| Untracked 
|  53|0x000000041d800000, 0x000000041d800000, 0x000000041e000000|  0%| F|  |TAMS 0x000000041d800000, 0x000000041d800000| Untracked 
|  54|0x000000041e000000, 0x000000041e000000, 0x000000041e800000|  0%| F|  |TAMS 0x000000041e000000, 0x000000041e000000| Untracked 
|  55|0x000000041e800000, 0x000000041e800000, 0x000000041f000000|  0%| F|  |TAMS 0x000000041e800000, 0x000000041e800000| Untracked 
|  56|0x000000041f000000, 0x000000041f000000, 0x000000041f800000|  0%| F|  |TAMS 0x000000041f000000, 0x000000041f000000| Untracked 
|  57|0x000000041f800000, 0x000000041f800000, 0x0000000420000000|  0%| F|  |TAMS 0x000000041f800000, 0x000000041f800000| Untracked 
|  58|0x0000000420000000, 0x0000000420000000, 0x0000000420800000|  0%| F|  |TAMS 0x0000000420000000, 0x0000000420000000| Untracked 
|  59|0x0000000420800000, 0x0000000420800000, 0x0000000421000000|  0%| F|  |TAMS 0x0000000420800000, 0x0000000420800000| Untracked 
|  60|0x0000000421000000, 0x0000000421000000, 0x0000000421800000|  0%| F|  |TAMS 0x0000000421000000, 0x0000000421000000| Untracked 
|  61|0x0000000421800000, 0x0000000421800000, 0x0000000422000000|  0%| F|  |TAMS 0x0000000421800000, 0x0000000421800000| Untracked 
|  62|0x0000000422000000, 0x0000000422000000, 0x0000000422800000|  0%| F|  |TAMS 0x0000000422000000, 0x0000000422000000| Untracked 
|  63|0x0000000422800000, 0x0000000422800000, 0x0000000423000000|  0%| F|  |TAMS 0x0000000422800000, 0x0000000422800000| Untracked 
|  64|0x0000000423000000, 0x0000000423000000, 0x0000000423800000|  0%| F|  |TAMS 0x0000000423000000, 0x0000000423000000| Untracked 
|  65|0x0000000423800000, 0x0000000423800000, 0x0000000424000000|  0%| F|  |TAMS 0x0000000423800000, 0x0000000423800000| Untracked 
|  66|0x0000000424000000, 0x0000000424000000, 0x0000000424800000|  0%| F|  |TAMS 0x0000000424000000, 0x0000000424000000| Untracked 
|  67|0x0000000424800000, 0x0000000424800000, 0x0000000425000000|  0%| F|  |TAMS 0x0000000424800000, 0x0000000424800000| Untracked 
|  68|0x0000000425000000, 0x0000000425000000, 0x0000000425800000|  0%| F|  |TAMS 0x0000000425000000, 0x0000000425000000| Untracked 
|  69|0x0000000425800000, 0x0000000425800000, 0x0000000426000000|  0%| F|  |TAMS 0x0000000425800000, 0x0000000425800000| Untracked 
|  70|0x0000000426000000, 0x0000000426000000, 0x0000000426800000|  0%| F|  |TAMS 0x0000000426000000, 0x0000000426000000| Untracked 
|  71|0x0000000426800000, 0x0000000426800000, 0x0000000427000000|  0%| F|  |TAMS 0x0000000426800000, 0x0000000426800000| Untracked 
|  72|0x0000000427000000, 0x0000000427000000, 0x0000000427800000|  0%| F|  |TAMS 0x0000000427000000, 0x0000000427000000| Untracked 
|  73|0x0000000427800000, 0x0000000427800000, 0x0000000428000000|  0%| F|  |TAMS 0x0000000427800000, 0x0000000427800000| Untracked 
|  74|0x0000000428000000, 0x0000000428000000, 0x0000000428800000|  0%| F|  |TAMS 0x0000000428000000, 0x0000000428000000| Untracked 
|  75|0x0000000428800000, 0x0000000428800000, 0x0000000429000000|  0%| F|  |TAMS 0x0000000428800000, 0x0000000428800000| Untracked 
|  76|0x0000000429000000, 0x0000000429000000, 0x0000000429800000|  0%| F|  |TAMS 0x0000000429000000, 0x0000000429000000| Untracked 
|  77|0x0000000429800000, 0x0000000429800000, 0x000000042a000000|  0%| F|  |TAMS 0x0000000429800000, 0x0000000429800000| Untracked 
|  78|0x000000042a000000, 0x000000042a000000, 0x000000042a800000|  0%| F|  |TAMS 0x000000042a000000, 0x000000042a000000| Untracked 
|  79|0x000000042a800000, 0x000000042a800000, 0x000000042b000000|  0%| F|  |TAMS 0x000000042a800000, 0x000000042a800000| Untracked 
|  80|0x000000042b000000, 0x000000042b000000, 0x000000042b800000|  0%| F|  |TAMS 0x000000042b000000, 0x000000042b000000| Untracked 
|  81|0x000000042b800000, 0x000000042b800000, 0x000000042c000000|  0%| F|  |TAMS 0x000000042b800000, 0x000000042b800000| Untracked 
|  82|0x000000042c000000, 0x000000042c000000, 0x000000042c800000|  0%| F|  |TAMS 0x000000042c000000, 0x000000042c000000| Untracked 
|  83|0x000000042c800000, 0x000000042c800000, 0x000000042d000000|  0%| F|  |TAMS 0x000000042c800000, 0x000000042c800000| Untracked 
|  84|0x000000042d000000, 0x000000042d000000, 0x000000042d800000|  0%| F|  |TAMS 0x000000042d000000, 0x000000042d000000| Untracked 
|  85|0x000000042d800000, 0x000000042d800000, 0x000000042e000000|  0%| F|  |TAMS 0x000000042d800000, 0x000000042d800000| Untracked 
|  86|0x000000042e000000, 0x000000042e000000, 0x000000042e800000|  0%| F|  |TAMS 0x000000042e000000, 0x000000042e000000| Untracked 
|  87|0x000000042e800000, 0x000000042e800000, 0x000000042f000000|  0%| F|  |TAMS 0x000000042e800000, 0x000000042e800000| Untracked 
|  88|0x000000042f000000, 0x000000042f000000, 0x000000042f800000|  0%| F|  |TAMS 0x000000042f000000, 0x000000042f000000| Untracked 
|  89|0x000000042f800000, 0x000000042f800000, 0x0000000430000000|  0%| F|  |TAMS 0x000000042f800000, 0x000000042f800000| Untracked 
|  90|0x0000000430000000, 0x0000000430000000, 0x0000000430800000|  0%| F|  |TAMS 0x0000000430000000, 0x0000000430000000| Untracked 
|  91|0x0000000430800000, 0x0000000430800000, 0x0000000431000000|  0%| F|  |TAMS 0x0000000430800000, 0x0000000430800000| Untracked 
|  92|0x0000000431000000, 0x0000000431000000, 0x0000000431800000|  0%| F|  |TAMS 0x0000000431000000, 0x0000000431000000| Untracked 
|  93|0x0000000431800000, 0x0000000431800000, 0x0000000432000000|  0%| F|  |TAMS 0x0000000431800000, 0x0000000431800000| Untracked 
|  94|0x0000000432000000, 0x0000000432800000, 0x0000000432800000|100%| E|  |TAMS 0x0000000432000000, 0x0000000432000000| Complete 
|  95|0x0000000432800000, 0x0000000433000000, 0x0000000433000000|100%| E|CS|TAMS 0x0000000432800000, 0x0000000432800000| Complete 
|  96|0x0000000433000000, 0x0000000433800000, 0x0000000433800000|100%| E|CS|TAMS 0x0000000433000000, 0x0000000433000000| Complete 
|  97|0x0000000433800000, 0x0000000434000000, 0x0000000434000000|100%| E|CS|TAMS 0x0000000433800000, 0x0000000433800000| Complete 
|  98|0x0000000434000000, 0x0000000434800000, 0x0000000434800000|100%| E|CS|TAMS 0x0000000434000000, 0x0000000434000000| Complete 
|  99|0x0000000434800000, 0x0000000435000000, 0x0000000435000000|100%| E|CS|TAMS 0x0000000434800000, 0x0000000434800000| Complete 
| 100|0x0000000435000000, 0x0000000435800000, 0x0000000435800000|100%| E|CS|TAMS 0x0000000435000000, 0x0000000435000000| Complete 
| 101|0x0000000435800000, 0x0000000436000000, 0x0000000436000000|100%| E|CS|TAMS 0x0000000435800000, 0x0000000435800000| Complete 
| 102|0x0000000436000000, 0x0000000436800000, 0x0000000436800000|100%| E|CS|TAMS 0x0000000436000000, 0x0000000436000000| Complete 
| 103|0x0000000436800000, 0x0000000437000000, 0x0000000437000000|100%| E|CS|TAMS 0x0000000436800000, 0x0000000436800000| Complete 
| 104|0x0000000437000000, 0x0000000437800000, 0x0000000437800000|100%| E|CS|TAMS 0x0000000437000000, 0x0000000437000000| Complete 
| 105|0x0000000437800000, 0x0000000438000000, 0x0000000438000000|100%| E|CS|TAMS 0x0000000437800000, 0x0000000437800000| Complete 
| 106|0x0000000438000000, 0x0000000438800000, 0x0000000438800000|100%| E|CS|TAMS 0x0000000438000000, 0x0000000438000000| Complete 
| 107|0x0000000438800000, 0x0000000438b4a650, 0x0000000439000000| 41%| S|CS|TAMS 0x0000000438800000, 0x0000000438800000| Complete 
| 108|0x0000000439000000, 0x0000000439800000, 0x0000000439800000|100%| E|CS|TAMS 0x0000000439000000, 0x0000000439000000| Complete 
| 109|0x0000000439800000, 0x000000043a000000, 0x000000043a000000|100%| E|CS|TAMS 0x0000000439800000, 0x0000000439800000| Complete 
| 110|0x000000043a000000, 0x000000043a800000, 0x000000043a800000|100%| E|CS|TAMS 0x000000043a000000, 0x000000043a000000| Complete 
| 111|0x000000043a800000, 0x000000043b000000, 0x000000043b000000|100%| E|CS|TAMS 0x000000043a800000, 0x000000043a800000| Complete 
| 112|0x000000043b000000, 0x000000043b800000, 0x000000043b800000|100%| E|CS|TAMS 0x000000043b000000, 0x000000043b000000| Complete 
| 113|0x000000043b800000, 0x000000043c000000, 0x000000043c000000|100%| E|CS|TAMS 0x000000043b800000, 0x000000043b800000| Complete 
| 114|0x000000043c000000, 0x000000043c800000, 0x000000043c800000|100%| E|CS|TAMS 0x000000043c000000, 0x000000043c000000| Complete 
| 115|0x000000043c800000, 0x000000043d000000, 0x000000043d000000|100%| E|CS|TAMS 0x000000043c800000, 0x000000043c800000| Complete 
| 116|0x000000043d000000, 0x000000043d800000, 0x000000043d800000|100%| E|CS|TAMS 0x000000043d000000, 0x000000043d000000| Complete 
| 117|0x000000043d800000, 0x000000043e000000, 0x000000043e000000|100%| E|CS|TAMS 0x000000043d800000, 0x000000043d800000| Complete 
| 118|0x000000043e000000, 0x000000043e800000, 0x000000043e800000|100%| E|CS|TAMS 0x000000043e000000, 0x000000043e000000| Complete 
| 119|0x000000043e800000, 0x000000043f000000, 0x000000043f000000|100%| E|CS|TAMS 0x000000043e800000, 0x000000043e800000| Complete 
| 120|0x000000043f000000, 0x000000043f800000, 0x000000043f800000|100%| E|CS|TAMS 0x000000043f000000, 0x000000043f000000| Complete 
| 121|0x000000043f800000, 0x0000000440000000, 0x0000000440000000|100%| E|CS|TAMS 0x000000043f800000, 0x000000043f800000| Complete 
| 122|0x0000000440000000, 0x0000000440800000, 0x0000000440800000|100%| E|CS|TAMS 0x0000000440000000, 0x0000000440000000| Complete 
| 123|0x0000000440800000, 0x0000000441000000, 0x0000000441000000|100%| E|CS|TAMS 0x0000000440800000, 0x0000000440800000| Complete 
| 124|0x0000000441000000, 0x0000000441800000, 0x0000000441800000|100%| E|CS|TAMS 0x0000000441000000, 0x0000000441000000| Complete 
| 125|0x0000000441800000, 0x0000000442000000, 0x0000000442000000|100%| E|CS|TAMS 0x0000000441800000, 0x0000000441800000| Complete 
| 126|0x0000000442000000, 0x0000000442800000, 0x0000000442800000|100%| E|CS|TAMS 0x0000000442000000, 0x0000000442000000| Complete 
| 127|0x0000000442800000, 0x0000000443000000, 0x0000000443000000|100%| E|CS|TAMS 0x0000000442800000, 0x0000000442800000| Complete 

Card table byte_map: [0x0000029e75520000,0x0000029e77510000] _byte_map_base: 0x0000029e73508000

Marking Bits (Prev, Next): (CMBitMap*) 0x0000029e5c225a50, (CMBitMap*) 0x0000029e5c225a90
 Prev Bits: [0x0000029e00000000, 0x0000029e0ff40000)
 Next Bits: [0x0000029e0ff40000, 0x0000029e1fe80000)

Polling page: 0x0000029e5a130000

Metaspace:

Usage:
  Non-class:      7.12 MB used.
      Class:    840.87 KB used.
       Both:      7.94 MB used.

Virtual space:
  Non-class space:       64.00 MB reserved,       7.25 MB ( 11%) committed,  1 nodes.
      Class space:        1.00 GB reserved,     960.00 KB ( <1%) committed,  1 nodes.
             Both:        1.06 GB reserved,       8.19 MB ( <1%) committed. 

Chunk freelists:
   Non-Class:  8.49 MB
       Class:  15.11 MB
        Both:  23.60 MB

MaxMetaspaceSize: unlimited
CompressedClassSpaceSize: 1.00 GB
Initial GC threshold: 21.00 MB
Current GC threshold: 21.00 MB
CDS: on
MetaspaceReclaimPolicy: balanced
 - commit_granule_bytes: 65536.
 - commit_granule_words: 8192.
 - virtual_space_node_default_size: 8388608.
 - enlarge_chunks_in_place: 1.
 - new_chunks_are_fully_committed: 0.
 - uncommit_free_chunks: 1.
 - use_allocation_guard: 0.
 - handle_deallocations: 1.


Internal statistics:

num_allocs_failed_limit: 0.
num_arena_births: 116.
num_arena_deaths: 0.
num_vsnodes_births: 2.
num_vsnodes_deaths: 0.
num_space_committed: 131.
num_space_uncommitted: 0.
num_chunks_returned_to_freelist: 0.
num_chunks_taken_from_freelist: 171.
num_chunk_merges: 0.
num_chunk_splits: 92.
num_chunks_enlarged: 24.
num_inconsistent_stats: 0.

CodeHeap 'non-profiled nmethods': size=119168Kb used=921Kb max_used=921Kb free=118246Kb
 bounds [0x0000029e6b840000, 0x0000029e6bab0000, 0x0000029e72ca0000]
CodeHeap 'profiled nmethods': size=119104Kb used=2412Kb max_used=2412Kb free=116691Kb
 bounds [0x0000029e63ca0000, 0x0000029e63f10000, 0x0000029e6b0f0000]
CodeHeap 'non-nmethods': size=7488Kb used=1254Kb max_used=2968Kb free=6233Kb
 bounds [0x0000029e6b0f0000, 0x0000029e6b3e0000, 0x0000029e6b840000]
 total_blobs=2059 nmethods=1485 adapters=487
 compilation: enabled
              stopped_count=0, restarted_count=0
 full_count=0

Compilation events (20 events):
Event: 106.890 Thread 0x0000029e7c710240 nmethod 1469 0x0000029e6b923390 code [0x0000029e6b923520, 0x0000029e6b923768]
Event: 125.818 Thread 0x0000029e7c73ad20 1470       3       java.awt.Container::getChildAt (54 bytes)
Event: 125.818 Thread 0x0000029e7c73ad20 nmethod 1470 0x0000029e63ef0b10 code [0x0000029e63ef0d00, 0x0000029e63ef1338]
Event: 160.557 Thread 0x0000029e7c73ad20 1471       3       java.lang.ref.ReferenceQueue::reallyPoll (65 bytes)
Event: 160.557 Thread 0x0000029e7c73ad20 nmethod 1471 0x0000029e63ef1510 code [0x0000029e63ef16e0, 0x0000029e63ef1c38]
Event: 160.559 Thread 0x0000029e7c73ad20 1472       3       sun.invoke.util.Wrapper::isSubwordOrInt (20 bytes)
Event: 160.559 Thread 0x0000029e7c73ad20 nmethod 1472 0x0000029e63ef1d10 code [0x0000029e63ef1ec0, 0x0000029e63ef22d8]
Event: 160.559 Thread 0x0000029e7c73ad20 1473       3       sun.invoke.util.Wrapper::isIntegral (23 bytes)
Event: 160.559 Thread 0x0000029e7c73ad20 nmethod 1473 0x0000029e63ef2410 code [0x0000029e63ef25c0, 0x0000029e63ef2818]
Event: 160.559 Thread 0x0000029e7c73ad20 1474       3       sun.invoke.util.Wrapper::isNumeric (16 bytes)
Event: 160.559 Thread 0x0000029e7c73ad20 nmethod 1474 0x0000029e63ef2910 code [0x0000029e63ef2aa0, 0x0000029e63ef2c18]
Event: 160.559 Thread 0x0000029e7c710240 1475       4       sun.util.logging.PlatformLogger::isLoggable (23 bytes)
Event: 160.560 Thread 0x0000029e7c73ad20 1476       3       java.lang.Module::isNamed (13 bytes)
Event: 160.560 Thread 0x0000029e7c73ad20 nmethod 1476 0x0000029e63ef2c90 code [0x0000029e63ef2e20, 0x0000029e63ef2f98]
Event: 160.561 Thread 0x0000029e7c73ad20 1478       1       java.nio.Buffer::position (5 bytes)
Event: 160.561 Thread 0x0000029e7c73ad20 nmethod 1478 0x0000029e6b923910 code [0x0000029e6b923aa0, 0x0000029e6b923b78]
Event: 160.562 Thread 0x0000029e7c73ad20 1481       3       java.util.HashMap::put (13 bytes)
Event: 160.562 Thread 0x0000029e7c73ad20 nmethod 1481 0x0000029e63ef3010 code [0x0000029e63ef31c0, 0x0000029e63ef34b8]
Event: 160.562 Thread 0x0000029e7c73ad20 1482       1       java.beans.PropertyChangeEvent::getNewValue (5 bytes)
Event: 160.562 Thread 0x0000029e7c73ad20 nmethod 1482 0x0000029e6b923c10 code [0x0000029e6b923da0, 0x0000029e6b923e78]

GC Heap History (6 events):
Event: 10.738 GC heap before
{Heap before GC invocations=0 (full 0):
 garbage-first heap   total 1048576K, used 49152K [0x0000000403000000, 0x0000000800000000)
  region size 8192K, 6 young (49152K), 0 survivors (0K)
 Metaspace       used 8028K, committed 8256K, reserved 1114112K
  class space    used 833K, committed 960K, reserved 1048576K
}
Event: 10.741 GC heap after
{Heap after GC invocations=1 (full 0):
 garbage-first heap   total 1048576K, used 3424K [0x0000000403000000, 0x0000000800000000)
  region size 8192K, 1 young (8192K), 1 survivors (8192K)
 Metaspace       used 8028K, committed 8256K, reserved 1114112K
  class space    used 833K, committed 960K, reserved 1048576K
}
Event: 26.072 GC heap before
{Heap before GC invocations=1 (full 0):
 garbage-first heap   total 1048576K, used 52576K [0x0000000403000000, 0x0000000800000000)
  region size 8192K, 7 young (57344K), 1 survivors (8192K)
 Metaspace       used 8031K, committed 8256K, reserved 1114112K
  class space    used 833K, committed 960K, reserved 1048576K
}
Event: 26.074 GC heap after
{Heap after GC invocations=2 (full 0):
 garbage-first heap   total 1048576K, used 3458K [0x0000000403000000, 0x0000000800000000)
  region size 8192K, 1 young (8192K), 1 survivors (8192K)
 Metaspace       used 8031K, committed 8256K, reserved 1114112K
  class space    used 833K, committed 960K, reserved 1048576K
}
Event: 74.906 GC heap before
{Heap before GC invocations=2 (full 0):
 garbage-first heap   total 1048576K, used 159106K [0x0000000403000000, 0x0000000800000000)
  region size 8192K, 20 young (163840K), 1 survivors (8192K)
 Metaspace       used 8047K, committed 8320K, reserved 1114112K
  class space    used 833K, committed 960K, reserved 1048576K
}
Event: 74.908 GC heap after
{Heap after GC invocations=3 (full 0):
 garbage-first heap   total 1048576K, used 3369K [0x0000000403000000, 0x0000000800000000)
  region size 8192K, 1 young (8192K), 1 survivors (8192K)
 Metaspace       used 8047K, committed 8320K, reserved 1114112K
  class space    used 833K, committed 960K, reserved 1048576K
}

Dll operation events (13 events):
Event: 0.004 Loaded shared library C:\Users\uczen\.jdks\corretto-17.0.12\bin\java.dll
Event: 0.016 Loaded shared library C:\Users\uczen\.jdks\corretto-17.0.12\bin\jsvml.dll
Event: 0.041 Loaded shared library C:\Users\uczen\.jdks\corretto-17.0.12\bin\zip.dll
Event: 0.043 Loaded shared library C:\Users\uczen\.jdks\corretto-17.0.12\bin\instrument.dll
Event: 0.045 Loaded shared library C:\Users\uczen\.jdks\corretto-17.0.12\bin\net.dll
Event: 0.046 Loaded shared library C:\Users\uczen\.jdks\corretto-17.0.12\bin\nio.dll
Event: 0.048 Loaded shared library C:\Users\uczen\.jdks\corretto-17.0.12\bin\zip.dll
Event: 0.050 Loaded shared library C:\Program Files\JetBrains\IntelliJ IDEA 2024.2.2\bin\breakgen64.dll
Event: 0.055 Loaded shared library C:\Users\uczen\.jdks\corretto-17.0.12\bin\extnet.dll
Event: 0.063 Loaded shared library C:\Users\uczen\.jdks\corretto-17.0.12\bin\jimage.dll
Event: 0.071 Loaded shared library C:\Users\uczen\.jdks\corretto-17.0.12\bin\awt.dll
Event: 0.216 Loaded shared library C:\Users\uczen\.jdks\corretto-17.0.12\bin\freetype.dll
Event: 0.217 Loaded shared library C:\Users\uczen\.jdks\corretto-17.0.12\bin\fontmanager.dll

Deoptimization events (20 events):
Event: 160.560 Thread 0x0000029ec24f15b0 Uncommon trap: trap_request=0xffffff45 fr.pc=0x0000029e6b8cca60 relative=0x0000000000000060
Event: 160.560 Thread 0x0000029ec24f15b0 Uncommon trap: reason=unstable_if action=reinterpret pc=0x0000029e6b8cca60 method=java.util.IdentityHashMap.keySet()Ljava/util/Set; @ 6 c2
Event: 160.560 Thread 0x0000029ec24f15b0 DEOPT PACKING pc=0x0000029e6b8cca60 sp=0x000000d6dc1feb60
Event: 160.560 Thread 0x0000029ec24f15b0 DEOPT UNPACKING pc=0x0000029e6b1469a3 sp=0x000000d6dc1feaf8 mode 2
Event: 160.561 Thread 0x0000029ec24f15b0 Uncommon trap: trap_request=0xffffff45 fr.pc=0x0000029e6b8f9b68 relative=0x0000000000003108
Event: 160.561 Thread 0x0000029ec24f15b0 Uncommon trap: reason=unstable_if action=reinterpret pc=0x0000029e6b8f9b68 method=java.awt.EventQueue.getPriority(Ljava/awt/AWTEvent;)I @ 4 c2
Event: 160.561 Thread 0x0000029ec24f15b0 DEOPT PACKING pc=0x0000029e6b8f9b68 sp=0x000000d6dc1fed40
Event: 160.561 Thread 0x0000029ec24f15b0 DEOPT UNPACKING pc=0x0000029e6b1469a3 sp=0x000000d6dc1fec08 mode 2
Event: 160.561 Thread 0x0000029ec24f15b0 Uncommon trap: trap_request=0xffffff45 fr.pc=0x0000029e6b91e7e4 relative=0x00000000000017a4
Event: 160.561 Thread 0x0000029ec24f15b0 Uncommon trap: reason=unstable_if action=reinterpret pc=0x0000029e6b91e7e4 method=java.awt.EventQueue.eventToCacheIndex(Ljava/awt/AWTEvent;)I @ 71 c2
Event: 160.561 Thread 0x0000029ec24f15b0 DEOPT PACKING pc=0x0000029e6b91e7e4 sp=0x000000d6dc1fee30
Event: 160.561 Thread 0x0000029ec24f15b0 DEOPT UNPACKING pc=0x0000029e6b1469a3 sp=0x000000d6dc1fecf8 mode 2
Event: 160.561 Thread 0x0000029ec24f15b0 Uncommon trap: trap_request=0xffffffde fr.pc=0x0000029e6b901fc0 relative=0x00000000000006c0
Event: 160.561 Thread 0x0000029ec24f15b0 Uncommon trap: reason=class_check action=maybe_recompile pc=0x0000029e6b901fc0 method=java.awt.EventQueue.setCurrentEventAndMostRecentTimeImpl(Ljava/awt/AWTEvent;)V @ 141 c2
Event: 160.561 Thread 0x0000029ec24f15b0 DEOPT PACKING pc=0x0000029e6b901fc0 sp=0x000000d6dc1fea90
Event: 160.561 Thread 0x0000029ec24f15b0 DEOPT UNPACKING pc=0x0000029e6b1469a3 sp=0x000000d6dc1fea30 mode 2
Event: 160.562 Thread 0x0000029ec24f15b0 Uncommon trap: trap_request=0xffffff45 fr.pc=0x0000029e6b8786bc relative=0x00000000000009bc
Event: 160.562 Thread 0x0000029ec24f15b0 Uncommon trap: reason=unstable_if action=reinterpret pc=0x0000029e6b8786bc method=java.util.HashMap.putVal(ILjava/lang/Object;Ljava/lang/Object;ZZ)Ljava/lang/Object; @ 81 c2
Event: 160.562 Thread 0x0000029ec24f15b0 DEOPT PACKING pc=0x0000029e6b8786bc sp=0x000000d6dc1feb70
Event: 160.562 Thread 0x0000029ec24f15b0 DEOPT UNPACKING pc=0x0000029e6b1469a3 sp=0x000000d6dc1feaa8 mode 2

Classes loaded (20 events):
Event: 1.716 Loading class javax/swing/JWindow done
Event: 1.716 Loading class javax/swing/Popup$HeavyWeightWindow done
Event: 52.438 Loading class java/security/DomainCombiner
Event: 52.438 Loading class java/security/DomainCombiner done
Event: 160.558 Loading class java/util/WeakHashMap$KeyIterator
Event: 160.558 Loading class java/util/WeakHashMap$HashIterator
Event: 160.558 Loading class java/util/WeakHashMap$HashIterator done
Event: 160.558 Loading class java/util/WeakHashMap$KeyIterator done
Event: 160.559 Loading class java/awt/IllegalComponentStateException
Event: 160.559 Loading class java/awt/IllegalComponentStateException done
Event: 160.559 Loading class java/lang/InterruptedException
Event: 160.559 Loading class java/lang/InterruptedException done
Event: 160.560 Loading class java/lang/Throwable$WrappedPrintStream
Event: 160.560 Loading class java/lang/Throwable$PrintStreamOrWriter
Event: 160.560 Loading class java/lang/Throwable$PrintStreamOrWriter done
Event: 160.560 Loading class java/lang/Throwable$WrappedPrintStream done
Event: 160.560 Loading class java/lang/StackTraceElement$HashedModules
Event: 160.560 Loading class java/lang/StackTraceElement$HashedModules done
Event: 160.561 Loading class java/awt/AWTError
Event: 160.561 Loading class java/awt/AWTError done

Classes unloaded (0 events):
No events

Classes redefined (0 events):
No events

Internal exceptions (15 events):
Event: 0.052 Thread 0x0000029e7c9970c0 Exception <a 'java/lang/NoSuchMethodError'{0x0000000442cd1620}: 'java.lang.Object java.lang.invoke.DirectMethodHandle$Holder.invokeStaticInit(java.lang.Object)'> (0x0000000442cd1620) 
thrown [s\src\hotspot\share\interpreter\linkResolver.cpp, line 759]
Event: 0.056 Thread 0x0000029e7c9970c0 Exception <a 'java/lang/NoSuchMethodError'{0x0000000442ce0170}: 'void java.lang.invoke.DirectMethodHandle$Holder.invokeStatic(java.lang.Object, java.lang.Object)'> (0x0000000442ce0170) 
thrown [s\src\hotspot\share\interpreter\linkResolver.cpp, line 759]
Event: 0.066 Thread 0x0000029e5c174c50 Exception <a 'java/lang/ClassNotFoundException'{0x0000000442c334b0}: sun/awt/resources/spi/awtProvider> (0x0000000442c334b0) 
thrown [s\src\hotspot\share\classfile\systemDictionary.cpp, line 256]
Event: 0.077 Thread 0x0000029e5c174c50 Exception <a 'java/io/FileNotFoundException'{0x0000000442c86670}> (0x0000000442c86670) 
thrown [s\src\hotspot\share\prims\jni.cpp, line 516]
Event: 0.080 Thread 0x0000029e5c174c50 Exception <a 'java/io/FileNotFoundException'{0x0000000442cb39f8}> (0x0000000442cb39f8) 
thrown [s\src\hotspot\share\prims\jni.cpp, line 516]
Event: 0.112 Thread 0x0000029e5c174c50 Exception <a 'java/lang/NoSuchMethodError'{0x000000044210faa8}: 'void java.lang.invoke.DirectMethodHandle$Holder.invokeSpecial(java.lang.Object, java.lang.Object, java.lang.Object)'> (0x000000044210faa8) 
thrown [s\src\hotspot\share\interpreter\linkResolver.cpp, line 759]
Event: 0.116 Thread 0x0000029e5c174c50 Exception <a 'java/lang/NoSuchMethodError'{0x00000004421399c0}: 'java.lang.Object java.lang.invoke.DirectMethodHandle$Holder.newInvokeSpecial(java.lang.Object, java.lang.Object, java.lang.Object, java.lang.Object, java.lang.Object)'> (0x00000004421399c0) 
thrown [s\src\hotspot\share\interpreter\linkResolver.cpp, line 759]
Event: 0.117 Thread 0x0000029e5c174c50 Exception <a 'java/lang/NoSuchMethodError'{0x0000000442145358}: 'java.lang.Object java.lang.invoke.DirectMethodHandle$Holder.invokeStatic(java.lang.Object, int, java.lang.Object, java.lang.Object, java.lang.Object, java.lang.Object)'> (0x0000000442145358) 
thrown [s\src\hotspot\share\interpreter\linkResolver.cpp, line 759]
Event: 0.119 Thread 0x0000029e5c174c50 Exception <a 'java/lang/NoSuchMethodError'{0x000000044216aa88}: 'java.lang.Object java.lang.invoke.DirectMethodHandle$Holder.invokeStatic(java.lang.Object, int, java.lang.Object)'> (0x000000044216aa88) 
thrown [s\src\hotspot\share\interpreter\linkResolver.cpp, line 759]
Event: 0.132 Thread 0x0000029e5c174c50 Exception <a 'java/lang/ClassNotFoundException'{0x0000000442222458}: com/sun/swing/internal/plaf/metal/resources/spi/metalProvider> (0x0000000442222458) 
thrown [s\src\hotspot\share\classfile\systemDictionary.cpp, line 256]
Event: 0.133 Thread 0x0000029e5c174c50 Exception <a 'java/lang/ClassNotFoundException'{0x0000000442225ff8}: com/sun/swing/internal/plaf/basic/resources/spi/basicProvider> (0x0000000442225ff8) 
thrown [s\src\hotspot\share\classfile\systemDictionary.cpp, line 256]
Event: 0.152 Thread 0x0000029e5c174c50 Exception <a 'java/lang/NoSuchMethodError'{0x000000044229fcd8}: 'java.lang.Object java.lang.invoke.DirectMethodHandle$Holder.invokeStaticInit(java.lang.Object, int, int, int, int)'> (0x000000044229fcd8) 
thrown [s\src\hotspot\share\interpreter\linkResolver.cpp, line 759]
Event: 0.181 Thread 0x0000029e5c174c50 Exception <a 'java/lang/NoSuchMethodError'{0x0000000442397e70}: 'java.lang.Object java.lang.invoke.DirectMethodHandle$Holder.invokeStaticInit(java.lang.Object, java.lang.Object, int, int, int, int)'> (0x0000000442397e70) 
thrown [s\src\hotspot\share\interpreter\linkResolver.cpp, line 759]
Event: 0.206 Thread 0x0000029ec219eac0 Exception <a 'java/lang/NoSuchMethodError'{0x000000044200f670}: 'void java.lang.invoke.DirectMethodHandle$Holder.invokeVirtual(java.lang.Object, java.lang.Object)'> (0x000000044200f670) 
thrown [s\src\hotspot\share\interpreter\linkResolver.cpp, line 759]
Event: 0.214 Thread 0x0000029e5c174c50 Exception <a 'java/lang/NoSuchMethodError'{0x0000000442411b88}: 'void java.lang.invoke.DirectMethodHandle$Holder.invokeStaticInit(java.lang.Object)'> (0x0000000442411b88) 
thrown [s\src\hotspot\share\interpreter\linkResolver.cpp, line 759]

VM Operations (20 events):
Event: 72.155 Executing VM operation: Cleanup
Event: 72.155 Executing VM operation: Cleanup done
Event: 74.906 Executing VM operation: G1CollectForAllocation
Event: 74.908 Executing VM operation: G1CollectForAllocation done
Event: 75.917 Executing VM operation: Cleanup
Event: 75.917 Executing VM operation: Cleanup done
Event: 80.963 Executing VM operation: Cleanup
Event: 80.963 Executing VM operation: Cleanup done
Event: 88.019 Executing VM operation: Cleanup
Event: 88.020 Executing VM operation: Cleanup done
Event: 89.026 Executing VM operation: Cleanup
Event: 89.026 Executing VM operation: Cleanup done
Event: 90.030 Executing VM operation: Cleanup
Event: 90.030 Executing VM operation: Cleanup done
Event: 92.035 Executing VM operation: Cleanup
Event: 92.035 Executing VM operation: Cleanup done
Event: 120.326 Executing VM operation: HandshakeAllThreads
Event: 120.326 Executing VM operation: HandshakeAllThreads done
Event: 126.364 Executing VM operation: Cleanup
Event: 126.364 Executing VM operation: Cleanup done

Events (20 events):
Event: 0.050 Thread 0x0000029e7c9975a0 Thread added: 0x0000029e7c9975a0
Event: 0.098 Thread 0x0000029ec2192420 Thread added: 0x0000029ec2192420
Event: 0.098 Thread 0x0000029ec2196830 Thread added: 0x0000029ec2196830
Event: 0.099 Thread 0x0000029ec219eac0 Thread added: 0x0000029ec219eac0
Event: 0.178 Thread 0x0000029ec22c9ef0 Thread added: 0x0000029ec22c9ef0
Event: 0.207 Thread 0x0000029ec24f15b0 Thread added: 0x0000029ec24f15b0
Event: 0.237 Thread 0x0000029ec2653660 Thread added: 0x0000029ec2653660
Event: 0.237 Thread 0x0000029e5c174c50 Thread exited: 0x0000029e5c174c50
Event: 0.237 Thread 0x0000029e5c174c50 Thread added: 0x0000029e5c174c50
Event: 0.354 Thread 0x0000029ec22c9ef0 Thread exited: 0x0000029ec22c9ef0
Event: 0.754 Thread 0x0000029e7c854320 Thread exited: 0x0000029e7c854320
Event: 0.980 Thread 0x0000029ec2269040 Thread added: 0x0000029ec2269040
Event: 0.980 Thread 0x0000029ec2269560 Thread added: 0x0000029ec2269560
Event: 1.139 Thread 0x0000029ec2269560 Thread exited: 0x0000029ec2269560
Event: 1.178 Thread 0x0000029ec2269040 Thread exited: 0x0000029ec2269040
Event: 2.955 Thread 0x0000029e7c848700 Thread exited: 0x0000029e7c848700
Event: 3.004 Thread 0x0000029e7c8461d0 Thread exited: 0x0000029e7c8461d0
Event: 6.621 Thread 0x0000029ec26bd5e0 Thread added: 0x0000029ec26bd5e0
Event: 7.255 Thread 0x0000029ec26bd5e0 Thread exited: 0x0000029ec26bd5e0
Event: 7.539 Thread 0x0000029e7c6dd2f0 Thread exited: 0x0000029e7c6dd2f0


Dynamic libraries:
0x00007ff6d9100000 - 0x00007ff6d910e000 	C:\Users\uczen\.jdks\corretto-17.0.12\bin\java.exe
0x00007ff9bd750000 - 0x00007ff9bd967000 	C:\Windows\SYSTEM32\ntdll.dll
0x00007ff9bd520000 - 0x00007ff9bd5e4000 	C:\Windows\System32\KERNEL32.DLL
0x00007ff9bb030000 - 0x00007ff9bb3dd000 	C:\Windows\System32\KERNELBASE.dll
0x00007ff9baa70000 - 0x00007ff9bab81000 	C:\Windows\System32\ucrtbase.dll
0x00007ff98a530000 - 0x00007ff98a54b000 	C:\Users\uczen\.jdks\corretto-17.0.12\bin\VCRUNTIME140.dll
0x00007ff9a62c0000 - 0x00007ff9a62d7000 	C:\Users\uczen\.jdks\corretto-17.0.12\bin\jli.dll
0x00007ff9bc230000 - 0x00007ff9bc3de000 	C:\Windows\System32\USER32.dll
0x00007ff9bab90000 - 0x00007ff9babb6000 	C:\Windows\System32\win32u.dll
0x00007ff9bbb80000 - 0x00007ff9bbba9000 	C:\Windows\System32\GDI32.dll
0x00007ff99f030000 - 0x00007ff99f2c3000 	C:\Windows\WinSxS\amd64_microsoft.windows.common-controls_6595b64144ccf1df_6.0.22621.3672_none_2713b9d173822955\COMCTL32.dll
0x00007ff9baf10000 - 0x00007ff9bb029000 	C:\Windows\System32\gdi32full.dll
0x00007ff9bc180000 - 0x00007ff9bc227000 	C:\Windows\System32\msvcrt.dll
0x00007ff9bb3e0000 - 0x00007ff9bb47a000 	C:\Windows\System32\msvcp_win.dll
0x00007ff9bb580000 - 0x00007ff9bb5b1000 	C:\Windows\System32\IMM32.DLL
0x00007ff990bb0000 - 0x00007ff990bbc000 	C:\Users\uczen\.jdks\corretto-17.0.12\bin\vcruntime140_1.dll
0x00007ff98a440000 - 0x00007ff98a4cd000 	C:\Users\uczen\.jdks\corretto-17.0.12\bin\msvcp140.dll
0x00007ff9612d0000 - 0x00007ff961f3a000 	C:\Users\uczen\.jdks\corretto-17.0.12\bin\server\jvm.dll
0x00007ff9bc7d0000 - 0x00007ff9bc882000 	C:\Windows\System32\ADVAPI32.dll
0x00007ff9bb9c0000 - 0x00007ff9bba69000 	C:\Windows\System32\sechost.dll
0x00007ff9bae70000 - 0x00007ff9bae98000 	C:\Windows\System32\bcrypt.dll
0x00007ff9bd5f0000 - 0x00007ff9bd704000 	C:\Windows\System32\RPCRT4.dll
0x00007ff9bba70000 - 0x00007ff9bbae1000 	C:\Windows\System32\WS2_32.dll
0x00007ff9b9920000 - 0x00007ff9b996d000 	C:\Windows\SYSTEM32\POWRPROF.dll
0x00007ff9b28f0000 - 0x00007ff9b2924000 	C:\Windows\SYSTEM32\WINMM.dll
0x00007ff9b4660000 - 0x00007ff9b466a000 	C:\Windows\SYSTEM32\VERSION.dll
0x00007ff9b9900000 - 0x00007ff9b9913000 	C:\Windows\SYSTEM32\UMPDC.dll
0x00007ff9b9bb0000 - 0x00007ff9b9bc8000 	C:\Windows\SYSTEM32\kernel.appcore.dll
0x00007ff98fed0000 - 0x00007ff98feda000 	C:\Users\uczen\.jdks\corretto-17.0.12\bin\jimage.dll
0x00007ff99edf0000 - 0x00007ff99f022000 	C:\Windows\SYSTEM32\DBGHELP.DLL
0x00007ff9bc3e0000 - 0x00007ff9bc76e000 	C:\Windows\System32\combase.dll
0x00007ff9bd440000 - 0x00007ff9bd517000 	C:\Windows\System32\OLEAUT32.dll
0x00007ff9a32c0000 - 0x00007ff9a32f2000 	C:\Windows\SYSTEM32\dbgcore.DLL
0x00007ff9babc0000 - 0x00007ff9bac3b000 	C:\Windows\System32\bcryptPrimitives.dll
0x00007ff9b77b0000 - 0x00007ff9b77be000 	C:\Users\uczen\.jdks\corretto-17.0.12\bin\instrument.dll
0x00007ff989720000 - 0x00007ff989745000 	C:\Users\uczen\.jdks\corretto-17.0.12\bin\java.dll
0x00007ff9611f0000 - 0x00007ff9612c7000 	C:\Users\uczen\.jdks\corretto-17.0.12\bin\jsvml.dll
0x00007ff9bca20000 - 0x00007ff9bd287000 	C:\Windows\System32\SHELL32.dll
0x00007ff9b8a00000 - 0x00007ff9b92ff000 	C:\Windows\SYSTEM32\windows.storage.dll
0x00007ff9b88c0000 - 0x00007ff9b89ff000 	C:\Windows\SYSTEM32\wintypes.dll
0x00007ff9bb480000 - 0x00007ff9bb579000 	C:\Windows\System32\SHCORE.dll
0x00007ff9bc9a0000 - 0x00007ff9bc9fe000 	C:\Windows\System32\shlwapi.dll
0x00007ff9ba9a0000 - 0x00007ff9ba9c7000 	C:\Windows\SYSTEM32\profapi.dll
0x00007ff97d220000 - 0x00007ff97d238000 	C:\Users\uczen\.jdks\corretto-17.0.12\bin\zip.dll
0x00007ff98a510000 - 0x00007ff98a529000 	C:\Users\uczen\.jdks\corretto-17.0.12\bin\net.dll
0x00007ff9b7450000 - 0x00007ff9b7586000 	C:\Windows\SYSTEM32\WINHTTP.dll
0x00007ff9ba020000 - 0x00007ff9ba089000 	C:\Windows\system32\mswsock.dll
0x00007ff989700000 - 0x00007ff989716000 	C:\Users\uczen\.jdks\corretto-17.0.12\bin\nio.dll
0x00007ff9b7330000 - 0x00007ff9b734a000 	C:\Program Files\JetBrains\IntelliJ IDEA 2024.2.2\bin\breakgen64.dll
0x00007ff98e410000 - 0x00007ff98e419000 	C:\Users\uczen\.jdks\corretto-17.0.12\bin\extnet.dll
0x00007ff9a25d0000 - 0x00007ff9a2760000 	C:\Users\uczen\.jdks\corretto-17.0.12\bin\awt.dll
0x00007ff9b73b0000 - 0x00007ff9b7447000 	C:\Windows\SYSTEM32\apphelp.dll
0x00007ff9b81a0000 - 0x00007ff9b81cb000 	C:\Windows\system32\DWMAPI.DLL
0x00007ff9b7f10000 - 0x00007ff9b7fc1000 	C:\Windows\system32\uxtheme.dll
0x00007ff961f70000 - 0x00007ff962070000 	C:\Windows\system32\opengl32.dll
0x00007ff961f40000 - 0x00007ff961f6d000 	C:\Windows\SYSTEM32\GLU32.dll
0x00007ff9b8210000 - 0x00007ff9b8247000 	C:\Windows\SYSTEM32\dxcore.dll
0x00007ff9bb7b0000 - 0x00007ff9bb90e000 	C:\Windows\System32\MSCTF.dll
0x00007ff9bd290000 - 0x00007ff9bd435000 	C:\Windows\System32\ole32.dll
0x00007ff9ba270000 - 0x00007ff9ba28b000 	C:\Windows\SYSTEM32\CRYPTSP.dll
0x00007ff9b9b10000 - 0x00007ff9b9b45000 	C:\Windows\system32\rsaenh.dll
0x00007ff9ba110000 - 0x00007ff9ba138000 	C:\Windows\SYSTEM32\USERENV.dll
0x00007ff9ba290000 - 0x00007ff9ba29c000 	C:\Windows\SYSTEM32\CRYPTBASE.dll
0x00007ff9b9610000 - 0x00007ff9b963d000 	C:\Windows\SYSTEM32\IPHLPAPI.DLL
0x00007ff9bbaf0000 - 0x00007ff9bbaf9000 	C:\Windows\System32\NSI.dll
0x00007ff9b7770000 - 0x00007ff9b7789000 	C:\Windows\SYSTEM32\dhcpcsvc6.DLL
0x00007ff9b6f80000 - 0x00007ff9b6f9f000 	C:\Windows\SYSTEM32\dhcpcsvc.DLL
0x00007ff9b9640000 - 0x00007ff9b9738000 	C:\Windows\SYSTEM32\DNSAPI.dll
0x00007ff9ad8d0000 - 0x00007ff9ad957000 	C:\Users\uczen\.jdks\corretto-17.0.12\bin\freetype.dll
0x00007ff9a2090000 - 0x00007ff9a2172000 	C:\Users\uczen\.jdks\corretto-17.0.12\bin\fontmanager.dll
0x00007ff9a8f70000 - 0x00007ff9a90b3000 	C:\Windows\SYSTEM32\textinputframework.dll
0x00007ff9b6e40000 - 0x00007ff9b6f73000 	C:\Windows\SYSTEM32\CoreMessaging.dll
0x00007ff9b3b40000 - 0x00007ff9b3ead000 	C:\Windows\SYSTEM32\CoreUIComponents.dll

dbghelp: loaded successfully - version: 4.0.5 - missing functions: none
symbol engine: initialized successfully - sym options: 0x614 - pdb path: .;C:\Users\uczen\.jdks\corretto-17.0.12\bin;C:\Windows\SYSTEM32;C:\Windows\WinSxS\amd64_microsoft.windows.common-controls_6595b64144ccf1df_6.0.22621.3672_none_2713b9d173822955;C:\Users\uczen\.jdks\corretto-17.0.12\bin\server;C:\Program Files\JetBrains\IntelliJ IDEA 2024.2.2\bin

VM Arguments:
jvm_args: -javaagent:C:\Program Files\JetBrains\IntelliJ IDEA 2024.2.2\lib\idea_rt.jar=50593:C:\Program Files\JetBrains\IntelliJ IDEA 2024.2.2\bin -Dfile.encoding=UTF-8 
java_command: org.example.Main
java_class_path (initial): C:\Users\uczen\Desktop\gra\target\classes
Launcher Type: SUN_STANDARD

[Global flags]
     intx CICompilerCount                          = 12                                        {product} {ergonomic}
     uint ConcGCThreads                            = 3                                         {product} {ergonomic}
     uint G1ConcRefinementThreads                  = 13                                        {product} {ergonomic}
   size_t G1HeapRegionSize                         = 8388608                                   {product} {ergonomic}
    uintx GCDrainStackTargetSize                   = 64                                        {product} {ergonomic}
   size_t InitialHeapSize                          = 1073741824                                {product} {ergonomic}
   size_t MarkStackSize                            = 4194304                                   {product} {ergonomic}
   size_t MaxHeapSize                              = 17129537536                               {product} {ergonomic}
   size_t MaxNewSize                               = 10276044800                               {product} {ergonomic}
   size_t MinHeapDeltaBytes                        = 8388608                                   {product} {ergonomic}
   size_t MinHeapSize                              = 8388608                                   {product} {ergonomic}
    uintx NonNMethodCodeHeapSize                   = 7602480                                {pd product} {ergonomic}
    uintx NonProfiledCodeHeapSize                  = 122027880                              {pd product} {ergonomic}
    uintx ProfiledCodeHeapSize                     = 122027880                              {pd product} {ergonomic}
    uintx ReservedCodeCacheSize                    = 251658240                              {pd product} {ergonomic}
     bool SegmentedCodeCache                       = true                                      {product} {ergonomic}
   size_t SoftMaxHeapSize                          = 17129537536                            {manageable} {ergonomic}
     bool UseCompressedClassPointers               = true                           {product lp64_product} {ergonomic}
     bool UseCompressedOops                        = true                           {product lp64_product} {ergonomic}
     bool UseG1GC                                  = true                                      {product} {ergonomic}
     bool UseLargePagesIndividualAllocation        = false                                  {pd product} {ergonomic}

Logging:
Log output configuration:
 #0: stdout all=warning uptime,level,tags
 #1: stderr all=off uptime,level,tags

Environment Variables:
PATH=C:\Program Files\Common Files\Oracle\Java\javapath;C:\Windows\system32;C:\Windows;C:\Windows\System32\Wbem;C:\Windows\System32\WindowsPowerShell\v1.0\;C:\Windows\System32\OpenSSH\;C:\Program Files\Git\cmd;C:\Program Files\dotnet\;C:\Program Files (x86)\Windows Kits\10\Windows Performance Toolkit\;C:\Users\uczen\AppData\Local\Microsoft\WindowsApps;C:\Users\uczen\AppData\Local\Programs\Microsoft VS Code\bin;C:\Users\uczen\.dotnet\tools
USERNAME=uczen
OS=Windows_NT
PROCESSOR_IDENTIFIER=Intel64 Family 6 Model 191 Stepping 2, GenuineIntel
TMP=C:\Users\uczen\AppData\Local\Temp
TEMP=C:\Users\uczen\AppData\Local\Temp



Periodic native trim disabled


---------------  S Y S T E M  ---------------

OS:
 Windows 11 , 64 bit Build 22621 (10.0.22621.3958)
OS uptime: 0 days 0:18 hours

CPU: total 16 (initial active 16) (8 cores per cpu, 2 threads per core) family 6 model 191 stepping 2 microcode 0x35, cx8, cmov, fxsr, ht, mmx, 3dnowpref, sse, sse2, sse3, ssse3, sse4.1, sse4.2, popcnt, lzcnt, tsc, tscinvbit, avx, avx2, aes, erms, clmul, bmi1, bmi2, adx, sha, fma, vzeroupper, clflush, clflushopt, clwb
Processor Information for all 16 processors :
  Max Mhz: 2500, Current Mhz: 2500, Mhz Limit: 2500

Memory: 4k page, system-wide physical 65312M (55906M free)
TotalPageFile size 75040M (AvailPageFile size 65501M)
current process WorkingSet (physical memory assigned to process): 329M, peak: 329M
current process commit charge ("private bytes"): 1170M, peak: 1217M

vm_info: OpenJDK 64-Bit Server VM (17.0.12+7-LTS) for windows-amd64 JRE (17.0.12+7-LTS), built on Jul 10 2024 20:46:33 by "Administrator" with MS VC++ 16.10 / 16.11 (VS2019)

END.
